This file contains any messages produced by compilers while
running configure, to aid debugging if configure makes a mistake.

It was created by zeromq configure 4.0.4, which was
generated by GNU Autoconf 2.69.  Invocation command line was

  $ ./configure --prefix=/Users/gnufied/nomads/rbkit-client/zeromq

## --------- ##
## Platform. ##
## --------- ##

hostname = Hemants-MacBook-Pro.local
uname -m = x86_64
uname -r = 13.2.0
uname -s = Darwin
uname -v = Darwin Kernel Version 13.2.0: Thu Apr 17 23:03:13 PDT 2014; root:xnu-2422.100.13~1/RELEASE_X86_64

/usr/bin/uname -p = i386
/bin/uname -X     = unknown

/bin/arch              = unknown
/usr/bin/arch -k       = unknown
/usr/convex/getsysinfo = unknown
/usr/bin/hostinfo      = Mach kernel version:
	 Darwin Kernel Version 13.2.0: Thu Apr 17 23:03:13 PDT 2014; root:xnu-2422.100.13~1/RELEASE_X86_64
Kernel configured for up to 8 processors.
4 processors are physically available.
8 processors are logically available.
Processor type: i486 (Intel 80486)
Processors active: 0 1 2 3 4 5 6 7
Primary memory available: 8.00 gigabytes
Default processor set: 204 tasks, 1038 threads, 8 processors
Load average: 2.26, Mach factor: 5.72
/bin/machine           = unknown
/usr/bin/oslevel       = unknown
/bin/universe          = unknown

PATH: /usr/local/heroku/bin
PATH: /Users/gnufied/.rbenv/shims
PATH: /opt/emacs/bin
PATH: /Users/gnufied/Qt/5.2.1/clang_64/bin
PATH: /usr/local/bin
PATH: /Users/gnufied/bin
PATH: /System/Library/Java/JavaVirtualMachines/1.6.0.jdk/Contents/Home/bin
PATH: /Users/gnufied/Library/Haskell/bin
PATH: /usr/local/sbin
PATH: /Users/gnufied/checkout/get-shit-done
PATH: /usr/local/share/npm/bin
PATH: /Users/gnufied/.cask/bin
PATH: /usr/local/heroku/bin
PATH: /Users/gnufied/.rbenv/shims
PATH: /usr/bin
PATH: /bin
PATH: /usr/sbin
PATH: /sbin
PATH: /usr/local/bin
PATH: /opt/X11/bin
PATH: /usr/local/MacGPG2/bin
PATH: /usr/texbin
PATH: /usr/local/heroku/bin
PATH: /Users/gnufied/.rbenv/shims
PATH: /opt/emacs/bin
PATH: /Users/gnufied/Qt/5.2.1/clang_64/bin
PATH: /Users/gnufied/bin
PATH: /System/Library/Java/JavaVirtualMachines/1.6.0.jdk/Contents/Home/bin
PATH: /Users/gnufied/Library/Haskell/bin
PATH: /usr/local/sbin
PATH: /Users/gnufied/checkout/get-shit-done
PATH: /usr/local/share/npm/bin
PATH: /Users/gnufied/.cask/bin


## ----------- ##
## Core tests. ##
## ----------- ##

configure:2769: checking for a BSD-compatible install
configure:2837: result: /usr/bin/install -c
configure:2848: checking whether build environment is sane
configure:2898: result: yes
configure:3039: checking for a thread-safe mkdir -p
configure:3078: result: config/install-sh -c -d
configure:3091: checking for gawk
configure:3121: result: no
configure:3091: checking for mawk
configure:3121: result: no
configure:3091: checking for nawk
configure:3121: result: no
configure:3091: checking for awk
configure:3107: found /usr/bin/awk
configure:3118: result: awk
configure:3129: checking whether make sets $(MAKE)
configure:3151: result: yes
configure:3226: checking how to create a ustar tar archive
configure:3239: tar --version
bsdtar 2.8.3 - libarchive 2.8.3
configure:3242: $? = 0
configure:3282: tardir=conftest.dir && eval tar --format=ustar -chf - "$tardir" >conftest.tar
configure:3285: $? = 0
configure:3289: tar -xf - <conftest.tar
configure:3292: $? = 0
configure:3305: result: gnutar
configure:3323: checking whether make supports nested variables
configure:3340: result: yes
configure:3427: checking for gcc
configure:3443: found /usr/bin/gcc
configure:3454: result: gcc
configure:3683: checking for C compiler version
configure:3692: gcc --version >&5
Apple LLVM version 5.1 (clang-503.0.40) (based on LLVM 3.4svn)
Target: x86_64-apple-darwin13.2.0
Thread model: posix
Configured with: --prefix=/Applications/Xcode.app/Contents/Developer/usr --with-gxx-include-dir=/usr/include/c++/4.2.1
configure:3703: $? = 0
configure:3692: gcc -v >&5
Configured with: --prefix=/Applications/Xcode.app/Contents/Developer/usr --with-gxx-include-dir=/usr/include/c++/4.2.1
Apple LLVM version 5.1 (clang-503.0.40) (based on LLVM 3.4svn)
Target: x86_64-apple-darwin13.2.0
Thread model: posix
configure:3703: $? = 0
configure:3692: gcc -V >&5
clang: error: argument to '-V' is missing (expected 1 value)
clang: error: no input files
configure:3703: $? = 1
configure:3692: gcc -qversion >&5
clang: error: unknown argument: '-qversion' [-Wunused-command-line-argument-hard-error-in-future]
clang: note: this will be a hard error (cannot be downgraded to a warning) in the future
clang: error: no input files
configure:3703: $? = 1
configure:3723: checking whether the C compiler works
configure:3745: gcc    conftest.c  >&5
configure:3749: $? = 0
configure:3797: result: yes
configure:3800: checking for C compiler default output file name
configure:3802: result: a.out
configure:3808: checking for suffix of executables
configure:3815: gcc -o conftest    conftest.c  >&5
configure:3819: $? = 0
configure:3841: result: 
configure:3863: checking whether we are cross compiling
configure:3871: gcc -o conftest    conftest.c  >&5
configure:3875: $? = 0
configure:3882: ./conftest
configure:3886: $? = 0
configure:3901: result: no
configure:3906: checking for suffix of object files
configure:3928: gcc -c   conftest.c >&5
configure:3932: $? = 0
configure:3953: result: o
configure:3957: checking whether we are using the GNU C compiler
configure:3976: gcc -c   conftest.c >&5
configure:3976: $? = 0
configure:3985: result: yes
configure:3994: checking whether gcc accepts -g
configure:4014: gcc -c -g  conftest.c >&5
configure:4014: $? = 0
configure:4055: result: yes
configure:4072: checking for gcc option to accept ISO C89
configure:4135: gcc  -c -g -O2  conftest.c >&5
configure:4135: $? = 0
configure:4148: result: none needed
configure:4179: checking for style of include used by make
configure:4207: result: GNU
configure:4233: checking dependency style of gcc
configure:4344: result: gcc3
configure:4359: checking for gcc option to accept ISO C99
configure:4508: gcc  -c -g -O2  conftest.c >&5
configure:4508: $? = 0
configure:4521: result: none needed
configure:4594: checking for g++
configure:4610: found /usr/bin/g++
configure:4621: result: g++
configure:4648: checking for C++ compiler version
configure:4657: g++ --version >&5
Apple LLVM version 5.1 (clang-503.0.40) (based on LLVM 3.4svn)
Target: x86_64-apple-darwin13.2.0
Thread model: posix
Configured with: --prefix=/Applications/Xcode.app/Contents/Developer/usr --with-gxx-include-dir=/usr/include/c++/4.2.1
configure:4668: $? = 0
configure:4657: g++ -v >&5
Configured with: --prefix=/Applications/Xcode.app/Contents/Developer/usr --with-gxx-include-dir=/usr/include/c++/4.2.1
Apple LLVM version 5.1 (clang-503.0.40) (based on LLVM 3.4svn)
Target: x86_64-apple-darwin13.2.0
Thread model: posix
configure:4668: $? = 0
configure:4657: g++ -V >&5
clang: error: argument to '-V' is missing (expected 1 value)
clang: error: no input files
configure:4668: $? = 1
configure:4657: g++ -qversion >&5
clang: error: unknown argument: '-qversion' [-Wunused-command-line-argument-hard-error-in-future]
clang: note: this will be a hard error (cannot be downgraded to a warning) in the future
clang: error: no input files
configure:4668: $? = 1
configure:4672: checking whether we are using the GNU C++ compiler
configure:4691: g++ -c   conftest.cpp >&5
configure:4691: $? = 0
configure:4700: result: yes
configure:4709: checking whether g++ accepts -g
configure:4729: g++ -c -g  conftest.cpp >&5
configure:4729: $? = 0
configure:4770: result: yes
configure:4795: checking dependency style of g++
configure:4906: result: gcc3
configure:4922: checking whether gcc and cc understand -c and -o together
configure:4953: gcc -c conftest.c -o conftest2.o >&5
configure:4957: $? = 0
configure:4963: gcc -c conftest.c -o conftest2.o >&5
configure:4967: $? = 0
configure:4978: cc -c conftest.c >&5
configure:4982: $? = 0
configure:4990: cc -c conftest.c -o conftest2.o >&5
configure:4994: $? = 0
configure:5000: cc -c conftest.c -o conftest2.o >&5
configure:5004: $? = 0
configure:5022: result: yes
configure:5047: checking for a sed that does not truncate output
configure:5111: result: /usr/bin/sed
configure:5120: checking for gawk
configure:5147: result: awk
configure:5163: checking for xmlto
configure:5196: result: no
configure:5204: checking for asciidoc
configure:5222: found /usr/local/bin/asciidoc
configure:5234: result: /usr/local/bin/asciidoc
configure:5246: checking build system type
configure:5260: result: x86_64-apple-darwin13.2.0
configure:5280: checking host system type
configure:5293: result: x86_64-apple-darwin13.2.0
configure:5734: checking how to print strings
configure:5761: result: printf
configure:5782: checking for a sed that does not truncate output
configure:5846: result: /usr/bin/sed
configure:5864: checking for grep that handles long lines and -e
configure:5922: result: /usr/local/bin/ggrep
configure:5927: checking for egrep
configure:5989: result: /usr/local/bin/ggrep -E
configure:5994: checking for fgrep
configure:6056: result: /usr/local/bin/ggrep -F
configure:6091: checking for ld used by gcc
configure:6158: result: /Applications/Xcode.app/Contents/Developer/Toolchains/XcodeDefault.xctoolchain/usr/bin/ld
configure:6165: checking if the linker (/Applications/Xcode.app/Contents/Developer/Toolchains/XcodeDefault.xctoolchain/usr/bin/ld) is GNU ld
configure:6180: result: no
configure:6192: checking for BSD- or MS-compatible name lister (nm)
configure:6241: result: /usr/bin/nm
configure:6371: checking the name lister (/usr/bin/nm) interface
configure:6378: gcc -c -g -O2  conftest.c >&5
configure:6381: /usr/bin/nm "conftest.o"
configure:6384: output
0000000000000230 S _some_variable
configure:6391: result: BSD nm
configure:6394: checking whether ln -s works
configure:6398: result: yes
configure:6406: checking the maximum length of command line arguments
configure:6536: result: 196608
configure:6553: checking whether the shell understands some XSI constructs
configure:6563: result: yes
configure:6567: checking whether the shell understands "+="
configure:6573: result: yes
configure:6608: checking how to convert x86_64-apple-darwin13.2.0 file names to x86_64-apple-darwin13.2.0 format
configure:6648: result: func_convert_file_noop
configure:6655: checking how to convert x86_64-apple-darwin13.2.0 file names to toolchain format
configure:6675: result: func_convert_file_noop
configure:6682: checking for /Applications/Xcode.app/Contents/Developer/Toolchains/XcodeDefault.xctoolchain/usr/bin/ld option to reload object files
configure:6689: result: -r
configure:6763: checking for objdump
configure:6790: result: objdump
configure:6819: checking how to recognize dependent libraries
configure:7021: result: pass_all
configure:7106: checking for dlltool
configure:7133: result: dlltool
configure:7163: checking how to associate runtime and link libraries
configure:7190: result: printf %s\n
configure:7251: checking for ar
configure:7267: found /usr/bin/ar
configure:7278: result: ar
configure:7315: checking for archiver @FILE support
configure:7332: gcc -c -g -O2  conftest.c >&5
configure:7332: $? = 0
configure:7335: ar cru libconftest.a @conftest.lst >&5
ar: @conftest.lst: No such file or directory
configure:7338: $? = 1
configure:7358: result: no
configure:7416: checking for strip
configure:7432: found /usr/bin/strip
configure:7443: result: strip
configure:7515: checking for ranlib
configure:7531: found /usr/bin/ranlib
configure:7542: result: ranlib
configure:7644: checking command to parse /usr/bin/nm output from gcc object
configure:7764: gcc -c -g -O2  conftest.c >&5
configure:7767: $? = 0
configure:7771: /usr/bin/nm conftest.o \| sed -n -e 's/^.*[ ]\([BCDEGRST][BCDEGRST]*\)[ ][ ]*\([_A-Za-z][_A-Za-z0-9]*\)$/\1 \2 \2/p' | sed '/ __gnu_lto/d' \> conftest.nm
configure:7774: $? = 0
cannot find nm_test_var in conftest.nm
configure:7764: gcc -c -g -O2  conftest.c >&5
configure:7767: $? = 0
configure:7771: /usr/bin/nm conftest.o \| sed -n -e 's/^.*[ ]\([BCDEGRST][BCDEGRST]*\)[ ][ ]*_\([_A-Za-z][_A-Za-z0-9]*\)$/\1 _\2 \2/p' | sed '/ __gnu_lto/d' \> conftest.nm
configure:7774: $? = 0
configure:7840: gcc -o conftest -g -O2   conftest.c conftstm.o >&5
configure:7843: $? = 0
configure:7881: result: ok
configure:7918: checking for sysroot
configure:7948: result: no
configure:8204: checking for mt
configure:8234: result: no
configure:8254: checking if : is a manifest tool
configure:8260: : '-?'
configure:8268: result: no
configure:8324: checking for dsymutil
configure:8340: found /usr/bin/dsymutil
configure:8351: result: dsymutil
configure:8416: checking for nmedit
configure:8432: found /usr/bin/nmedit
configure:8443: result: nmedit
configure:8508: checking for lipo
configure:8524: found /usr/bin/lipo
configure:8535: result: lipo
configure:8600: checking for otool
configure:8616: found /usr/bin/otool
configure:8627: result: otool
configure:8692: checking for otool64
configure:8722: result: no
configure:8767: checking for -single_module linker flag
gcc -g -O2  -o libconftest.dylib -dynamiclib -Wl,-single_module conftest.c
configure:8800: result: yes
configure:8803: checking for -exported_symbols_list linker flag
configure:8823: gcc -o conftest -g -O2   -Wl,-exported_symbols_list,conftest.sym conftest.c  >&5
configure:8823: $? = 0
configure:8833: result: yes
configure:8836: checking for -force_load linker flag
gcc -g -O2 -c -o conftest.o conftest.c
ar cru libconftest.a conftest.o
ranlib libconftest.a
gcc -g -O2  -o conftest conftest.c -Wl,-force_load,./libconftest.a
configure:8868: result: yes
configure:8910: checking how to run the C preprocessor
configure:8941: gcc -E  conftest.c
configure:8941: $? = 0
configure:8955: gcc -E  conftest.c
conftest.c:11:10: fatal error: 'ac_nonexistent.h' file not found
#include <ac_nonexistent.h>
         ^
1 error generated.
configure:8955: $? = 1
configure: failed program was:
| /* confdefs.h */
| #define PACKAGE_NAME "zeromq"
| #define PACKAGE_TARNAME "zeromq"
| #define PACKAGE_VERSION "4.0.4"
| #define PACKAGE_STRING "zeromq 4.0.4"
| #define PACKAGE_BUGREPORT "zeromq-dev@lists.zeromq.org"
| #define PACKAGE_URL ""
| #define PACKAGE "zeromq"
| #define VERSION "4.0.4"
| /* end confdefs.h.  */
| #include <ac_nonexistent.h>
configure:8980: result: gcc -E
configure:9000: gcc -E  conftest.c
configure:9000: $? = 0
configure:9014: gcc -E  conftest.c
conftest.c:11:10: fatal error: 'ac_nonexistent.h' file not found
#include <ac_nonexistent.h>
         ^
1 error generated.
configure:9014: $? = 1
configure: failed program was:
| /* confdefs.h */
| #define PACKAGE_NAME "zeromq"
| #define PACKAGE_TARNAME "zeromq"
| #define PACKAGE_VERSION "4.0.4"
| #define PACKAGE_STRING "zeromq 4.0.4"
| #define PACKAGE_BUGREPORT "zeromq-dev@lists.zeromq.org"
| #define PACKAGE_URL ""
| #define PACKAGE "zeromq"
| #define VERSION "4.0.4"
| /* end confdefs.h.  */
| #include <ac_nonexistent.h>
configure:9043: checking for ANSI C header files
configure:9063: gcc -c -g -O2  conftest.c >&5
configure:9063: $? = 0
configure:9136: gcc -o conftest -g -O2   conftest.c  >&5
configure:9136: $? = 0
configure:9136: ./conftest
configure:9136: $? = 0
configure:9147: result: yes
configure:9160: checking for sys/types.h
configure:9160: gcc -c -g -O2  conftest.c >&5
configure:9160: $? = 0
configure:9160: result: yes
configure:9160: checking for sys/stat.h
configure:9160: gcc -c -g -O2  conftest.c >&5
configure:9160: $? = 0
configure:9160: result: yes
configure:9160: checking for stdlib.h
configure:9160: gcc -c -g -O2  conftest.c >&5
configure:9160: $? = 0
configure:9160: result: yes
configure:9160: checking for string.h
configure:9160: gcc -c -g -O2  conftest.c >&5
configure:9160: $? = 0
configure:9160: result: yes
configure:9160: checking for memory.h
configure:9160: gcc -c -g -O2  conftest.c >&5
configure:9160: $? = 0
configure:9160: result: yes
configure:9160: checking for strings.h
configure:9160: gcc -c -g -O2  conftest.c >&5
configure:9160: $? = 0
configure:9160: result: yes
configure:9160: checking for inttypes.h
configure:9160: gcc -c -g -O2  conftest.c >&5
configure:9160: $? = 0
configure:9160: result: yes
configure:9160: checking for stdint.h
configure:9160: gcc -c -g -O2  conftest.c >&5
configure:9160: $? = 0
configure:9160: result: yes
configure:9160: checking for unistd.h
configure:9160: gcc -c -g -O2  conftest.c >&5
configure:9160: $? = 0
configure:9160: result: yes
configure:9174: checking for dlfcn.h
configure:9174: gcc -c -g -O2  conftest.c >&5
configure:9174: $? = 0
configure:9174: result: yes
configure:9359: checking for objdir
configure:9374: result: .libs
configure:9645: checking if gcc supports -fno-rtti -fno-exceptions
configure:9663: gcc -c -g -O2  -fno-rtti -fno-exceptions conftest.c >&5
configure:9667: $? = 0
configure:9680: result: yes
configure:10007: checking for gcc option to produce PIC
configure:10014: result: -fno-common -DPIC
configure:10022: checking if gcc PIC flag -fno-common -DPIC works
configure:10040: gcc -c -g -O2  -fno-common -DPIC -DPIC conftest.c >&5
configure:10044: $? = 0
configure:10057: result: yes
configure:10086: checking if gcc static flag -static works
configure:10114: result: no
configure:10129: checking if gcc supports -c -o file.o
configure:10150: gcc -c -g -O2  -o out/conftest2.o conftest.c >&5
configure:10154: $? = 0
configure:10176: result: yes
configure:10184: checking if gcc supports -c -o file.o
configure:10231: result: yes
configure:10264: checking whether the gcc linker (/Applications/Xcode.app/Contents/Developer/Toolchains/XcodeDefault.xctoolchain/usr/bin/ld) supports shared libraries
configure:11421: result: yes
configure:11661: checking dynamic linker characteristics
configure:12406: result: darwin13.2.0 dyld
configure:12513: checking how to hardcode library paths into programs
configure:12538: result: immediate
configure:13078: checking whether stripping libraries is possible
configure:13092: result: yes
configure:13118: checking if libtool supports shared libraries
configure:13120: result: yes
configure:13123: checking whether to build shared libraries
configure:13144: result: yes
configure:13147: checking whether to build static libraries
configure:13151: result: yes
configure:13174: checking how to run the C++ preprocessor
configure:13201: g++ -E  conftest.cpp
configure:13201: $? = 0
configure:13215: g++ -E  conftest.cpp
conftest.cpp:23:10: fatal error: 'ac_nonexistent.h' file not found
#include <ac_nonexistent.h>
         ^
1 error generated.
configure:13215: $? = 1
configure: failed program was:
| /* confdefs.h */
| #define PACKAGE_NAME "zeromq"
| #define PACKAGE_TARNAME "zeromq"
| #define PACKAGE_VERSION "4.0.4"
| #define PACKAGE_STRING "zeromq 4.0.4"
| #define PACKAGE_BUGREPORT "zeromq-dev@lists.zeromq.org"
| #define PACKAGE_URL ""
| #define PACKAGE "zeromq"
| #define VERSION "4.0.4"
| #define STDC_HEADERS 1
| #define HAVE_SYS_TYPES_H 1
| #define HAVE_SYS_STAT_H 1
| #define HAVE_STDLIB_H 1
| #define HAVE_STRING_H 1
| #define HAVE_MEMORY_H 1
| #define HAVE_STRINGS_H 1
| #define HAVE_INTTYPES_H 1
| #define HAVE_STDINT_H 1
| #define HAVE_UNISTD_H 1
| #define HAVE_DLFCN_H 1
| #define LT_OBJDIR ".libs/"
| /* end confdefs.h.  */
| #include <ac_nonexistent.h>
configure:13240: result: g++ -E
configure:13260: g++ -E  conftest.cpp
configure:13260: $? = 0
configure:13274: g++ -E  conftest.cpp
conftest.cpp:23:10: fatal error: 'ac_nonexistent.h' file not found
#include <ac_nonexistent.h>
         ^
1 error generated.
configure:13274: $? = 1
configure: failed program was:
| /* confdefs.h */
| #define PACKAGE_NAME "zeromq"
| #define PACKAGE_TARNAME "zeromq"
| #define PACKAGE_VERSION "4.0.4"
| #define PACKAGE_STRING "zeromq 4.0.4"
| #define PACKAGE_BUGREPORT "zeromq-dev@lists.zeromq.org"
| #define PACKAGE_URL ""
| #define PACKAGE "zeromq"
| #define VERSION "4.0.4"
| #define STDC_HEADERS 1
| #define HAVE_SYS_TYPES_H 1
| #define HAVE_SYS_STAT_H 1
| #define HAVE_STDLIB_H 1
| #define HAVE_STRING_H 1
| #define HAVE_MEMORY_H 1
| #define HAVE_STRINGS_H 1
| #define HAVE_INTTYPES_H 1
| #define HAVE_STDINT_H 1
| #define HAVE_UNISTD_H 1
| #define HAVE_DLFCN_H 1
| #define LT_OBJDIR ".libs/"
| /* end confdefs.h.  */
| #include <ac_nonexistent.h>
configure:13443: checking for ld used by g++
configure:13510: result: /Applications/Xcode.app/Contents/Developer/Toolchains/XcodeDefault.xctoolchain/usr/bin/ld
configure:13517: checking if the linker (/Applications/Xcode.app/Contents/Developer/Toolchains/XcodeDefault.xctoolchain/usr/bin/ld) is GNU ld
configure:13532: result: no
configure:13587: checking whether the g++ linker (/Applications/Xcode.app/Contents/Developer/Toolchains/XcodeDefault.xctoolchain/usr/bin/ld) supports shared libraries
configure:14592: result: yes
configure:14628: g++ -c -g -O2  conftest.cpp >&5
configure:14631: $? = 0
configure:15151: checking for g++ option to produce PIC
configure:15158: result: -fno-common -DPIC
configure:15166: checking if g++ PIC flag -fno-common -DPIC works
configure:15184: g++ -c -g -O2  -fno-common -DPIC -DPIC conftest.cpp >&5
configure:15188: $? = 0
configure:15201: result: yes
configure:15224: checking if g++ static flag -static works
configure:15252: result: no
configure:15264: checking if g++ supports -c -o file.o
configure:15285: g++ -c -g -O2  -o out/conftest2.o conftest.cpp >&5
configure:15289: $? = 0
configure:15311: result: yes
configure:15316: checking if g++ supports -c -o file.o
configure:15363: result: yes
configure:15393: checking whether the g++ linker (/Applications/Xcode.app/Contents/Developer/Toolchains/XcodeDefault.xctoolchain/usr/bin/ld) supports shared libraries
configure:15432: result: yes
configure:15573: checking dynamic linker characteristics
configure:16252: result: darwin13.2.0 dyld
configure:16305: checking how to hardcode library paths into programs
configure:16330: result: immediate
configure:16403: checking whether the C compiler works
configure:16419: gcc -o conftest -g -O2   conftest.c  >&5
configure:16419: $? = 0
configure:16428: result: yes
configure:16436: checking whether we are using Intel C compiler
configure:16455: gcc -c -g -O2  conftest.c >&5
conftest.c:28:8: error: use of undeclared identifier 'error'
       error if not ICC
       ^
1 error generated.
configure:16455: $? = 1
configure: failed program was:
| /* confdefs.h */
| #define PACKAGE_NAME "zeromq"
| #define PACKAGE_TARNAME "zeromq"
| #define PACKAGE_VERSION "4.0.4"
| #define PACKAGE_STRING "zeromq 4.0.4"
| #define PACKAGE_BUGREPORT "zeromq-dev@lists.zeromq.org"
| #define PACKAGE_URL ""
| #define PACKAGE "zeromq"
| #define VERSION "4.0.4"
| #define STDC_HEADERS 1
| #define HAVE_SYS_TYPES_H 1
| #define HAVE_SYS_STAT_H 1
| #define HAVE_STDLIB_H 1
| #define HAVE_STRING_H 1
| #define HAVE_MEMORY_H 1
| #define HAVE_STRINGS_H 1
| #define HAVE_INTTYPES_H 1
| #define HAVE_STDINT_H 1
| #define HAVE_UNISTD_H 1
| #define HAVE_DLFCN_H 1
| #define LT_OBJDIR ".libs/"
| /* end confdefs.h.  */
| 
| int
| main ()
| {
| #ifndef __INTEL_COMPILER
|        error if not ICC
| #endif
| 
|   ;
|   return 0;
| }
configure:16463: result: no
configure:16465: checking whether we are using Sun Studio C compiler
configure:16484: gcc -c -g -O2  conftest.c >&5
conftest.c:28:8: error: use of undeclared identifier 'error'
       error if not sun studio
       ^
1 error generated.
configure:16484: $? = 1
configure: failed program was:
| /* confdefs.h */
| #define PACKAGE_NAME "zeromq"
| #define PACKAGE_TARNAME "zeromq"
| #define PACKAGE_VERSION "4.0.4"
| #define PACKAGE_STRING "zeromq 4.0.4"
| #define PACKAGE_BUGREPORT "zeromq-dev@lists.zeromq.org"
| #define PACKAGE_URL ""
| #define PACKAGE "zeromq"
| #define VERSION "4.0.4"
| #define STDC_HEADERS 1
| #define HAVE_SYS_TYPES_H 1
| #define HAVE_SYS_STAT_H 1
| #define HAVE_STDLIB_H 1
| #define HAVE_STRING_H 1
| #define HAVE_MEMORY_H 1
| #define HAVE_STRINGS_H 1
| #define HAVE_INTTYPES_H 1
| #define HAVE_STDINT_H 1
| #define HAVE_UNISTD_H 1
| #define HAVE_DLFCN_H 1
| #define LT_OBJDIR ".libs/"
| /* end confdefs.h.  */
| 
| int
| main ()
| {
| #if !defined(__SUNPRO_CC) && !defined(__SUNPRO_C)
|        error if not sun studio
| #endif
| 
|   ;
|   return 0;
| }
configure:16492: result: no
configure:16494: checking whether we are using clang C compiler
configure:16513: gcc -c -g -O2  conftest.c >&5
configure:16513: $? = 0
configure:16521: result: yes
configure:16523: checking whether we are using gcc >= 4 C compiler
configure:16542: gcc -c -g -O2  conftest.c >&5
configure:16542: $? = 0
configure:16550: result: yes
configure:16567: checking whether the C++ compiler works
configure:16583: g++ -o conftest -g -O2   conftest.cpp  >&5
configure:16583: $? = 0
configure:16592: result: yes
configure:16600: checking whether we are using Intel C++ compiler
configure:16619: g++ -c -g -O2  conftest.cpp >&5
conftest.cpp:28:8: error: use of undeclared identifier 'error'
       error if not ICC
       ^
1 error generated.
configure:16619: $? = 1
configure: failed program was:
| /* confdefs.h */
| #define PACKAGE_NAME "zeromq"
| #define PACKAGE_TARNAME "zeromq"
| #define PACKAGE_VERSION "4.0.4"
| #define PACKAGE_STRING "zeromq 4.0.4"
| #define PACKAGE_BUGREPORT "zeromq-dev@lists.zeromq.org"
| #define PACKAGE_URL ""
| #define PACKAGE "zeromq"
| #define VERSION "4.0.4"
| #define STDC_HEADERS 1
| #define HAVE_SYS_TYPES_H 1
| #define HAVE_SYS_STAT_H 1
| #define HAVE_STDLIB_H 1
| #define HAVE_STRING_H 1
| #define HAVE_MEMORY_H 1
| #define HAVE_STRINGS_H 1
| #define HAVE_INTTYPES_H 1
| #define HAVE_STDINT_H 1
| #define HAVE_UNISTD_H 1
| #define HAVE_DLFCN_H 1
| #define LT_OBJDIR ".libs/"
| /* end confdefs.h.  */
| 
| int
| main ()
| {
| #ifndef __INTEL_COMPILER
|        error if not ICC
| #endif
| 
|   ;
|   return 0;
| }
configure:16627: result: no
configure:16629: checking whether we are using Sun Studio C++ compiler
configure:16648: g++ -c -g -O2  conftest.cpp >&5
conftest.cpp:28:8: error: use of undeclared identifier 'error'
       error if not sun studio
       ^
1 error generated.
configure:16648: $? = 1
configure: failed program was:
| /* confdefs.h */
| #define PACKAGE_NAME "zeromq"
| #define PACKAGE_TARNAME "zeromq"
| #define PACKAGE_VERSION "4.0.4"
| #define PACKAGE_STRING "zeromq 4.0.4"
| #define PACKAGE_BUGREPORT "zeromq-dev@lists.zeromq.org"
| #define PACKAGE_URL ""
| #define PACKAGE "zeromq"
| #define VERSION "4.0.4"
| #define STDC_HEADERS 1
| #define HAVE_SYS_TYPES_H 1
| #define HAVE_SYS_STAT_H 1
| #define HAVE_STDLIB_H 1
| #define HAVE_STRING_H 1
| #define HAVE_MEMORY_H 1
| #define HAVE_STRINGS_H 1
| #define HAVE_INTTYPES_H 1
| #define HAVE_STDINT_H 1
| #define HAVE_UNISTD_H 1
| #define HAVE_DLFCN_H 1
| #define LT_OBJDIR ".libs/"
| /* end confdefs.h.  */
| 
| int
| main ()
| {
| #if !defined(__SUNPRO_CC) && !defined(__SUNPRO_C)
|        error if not sun studio
| #endif
| 
|   ;
|   return 0;
| }
configure:16656: result: no
configure:16658: checking whether we are using clang C++ compiler
configure:16677: g++ -c -g -O2  conftest.cpp >&5
configure:16677: $? = 0
configure:16685: result: yes
configure:16687: checking whether we are using gcc >= 4 C++ compiler
configure:16706: g++ -c -g -O2  conftest.cpp >&5
configure:16706: $? = 0
configure:16714: result: yes
configure:16748: checking whether to enable debugging information
configure:16786: result: no
configure:16803: checking whether to enable code coverage
configure:16834: result: no
configure:17077: checking whether C++ compiler supports -Wno-uninitialized
configure:17109: g++ -c -g -O2 -D_DARWIN_C_SOURCE -D_REENTRANT -D_THREAD_SAFE  -Wno-uninitialized conftest.cpp >&5
configure:17109: $? = 0
configure:17140: result: yes
configure:17657: checking for pthread_create in -lpthread
configure:17682: gcc -o conftest -g -O2 -Wno-uninitialized -D_DARWIN_C_SOURCE -D_REENTRANT -D_THREAD_SAFE   conftest.c -lpthread   >&5
configure:17682: $? = 0
configure:17691: result: yes
configure:17702: checking for clock_gettime in -lrt
configure:17727: gcc -o conftest -g -O2 -Wno-uninitialized -D_DARWIN_C_SOURCE -D_REENTRANT -D_THREAD_SAFE   conftest.c -lrt  -lpthread  >&5
ld: library not found for -lrt
clang: error: linker command failed with exit code 1 (use -v to see invocation)
configure:17727: $? = 1
configure: failed program was:
| /* confdefs.h */
| #define PACKAGE_NAME "zeromq"
| #define PACKAGE_TARNAME "zeromq"
| #define PACKAGE_VERSION "4.0.4"
| #define PACKAGE_STRING "zeromq 4.0.4"
| #define PACKAGE_BUGREPORT "zeromq-dev@lists.zeromq.org"
| #define PACKAGE_URL ""
| #define PACKAGE "zeromq"
| #define VERSION "4.0.4"
| #define STDC_HEADERS 1
| #define HAVE_SYS_TYPES_H 1
| #define HAVE_SYS_STAT_H 1
| #define HAVE_STDLIB_H 1
| #define HAVE_STRING_H 1
| #define HAVE_MEMORY_H 1
| #define HAVE_STRINGS_H 1
| #define HAVE_INTTYPES_H 1
| #define HAVE_STDINT_H 1
| #define HAVE_UNISTD_H 1
| #define HAVE_DLFCN_H 1
| #define LT_OBJDIR ".libs/"
| #define ZMQ_HAVE_OSX 1
| #define HAVE_LIBPTHREAD 1
| /* end confdefs.h.  */
| 
| /* Override any GCC internal prototype to avoid an error.
|    Use char because int might match the return type of a GCC
|    builtin and then its argument prototype would still apply.  */
| #ifdef __cplusplus
| extern "C"
| #endif
| char clock_gettime ();
| int
| main ()
| {
| return clock_gettime ();
|   ;
|   return 0;
| }
configure:17736: result: no
configure:17747: checking for sodium_init in -lsodium
configure:17772: gcc -o conftest -g -O2 -Wno-uninitialized -D_DARWIN_C_SOURCE -D_REENTRANT -D_THREAD_SAFE   conftest.c -lsodium  -lpthread  >&5
ld: library not found for -lsodium
clang: error: linker command failed with exit code 1 (use -v to see invocation)
configure:17772: $? = 1
configure: failed program was:
| /* confdefs.h */
| #define PACKAGE_NAME "zeromq"
| #define PACKAGE_TARNAME "zeromq"
| #define PACKAGE_VERSION "4.0.4"
| #define PACKAGE_STRING "zeromq 4.0.4"
| #define PACKAGE_BUGREPORT "zeromq-dev@lists.zeromq.org"
| #define PACKAGE_URL ""
| #define PACKAGE "zeromq"
| #define VERSION "4.0.4"
| #define STDC_HEADERS 1
| #define HAVE_SYS_TYPES_H 1
| #define HAVE_SYS_STAT_H 1
| #define HAVE_STDLIB_H 1
| #define HAVE_STRING_H 1
| #define HAVE_MEMORY_H 1
| #define HAVE_STRINGS_H 1
| #define HAVE_INTTYPES_H 1
| #define HAVE_STDINT_H 1
| #define HAVE_UNISTD_H 1
| #define HAVE_DLFCN_H 1
| #define LT_OBJDIR ".libs/"
| #define ZMQ_HAVE_OSX 1
| #define HAVE_LIBPTHREAD 1
| /* end confdefs.h.  */
| 
| /* Override any GCC internal prototype to avoid an error.
|    Use char because int might match the return type of a GCC
|    builtin and then its argument prototype would still apply.  */
| #ifdef __cplusplus
| extern "C"
| #endif
| char sodium_init ();
| int
| main ()
| {
| return sodium_init ();
|   ;
|   return 0;
| }
configure:17781: result: no
configure:17791: WARNING: libsodium is needed for CURVE security
configure:17817: checking whether C++ compiler supports -fvisibility=hidden
configure:17849: g++ -c -g -O2 -Wno-uninitialized -D_DARWIN_C_SOURCE -D_REENTRANT -D_THREAD_SAFE  -fvisibility=hidden conftest.cpp >&5
configure:17849: $? = 0
configure:17880: result: yes
configure:17966: checking whether C++ compiler supports dso visibility
configure:17970: result: yes
configure:18114: checking for asciidoc
configure:18130: found /usr/local/bin/asciidoc
configure:18142: result: yes
configure:18152: checking for xmlto
configure:18180: result: no
configure:18206: checking whether to build documentation
configure:18208: result: no
configure:18211: checking whether to install manpages
configure:18213: result: yes
configure:18245: checking for suitable polling system
configure:18281: gcc -o conftest -g -O2 -Wno-uninitialized -D_DARWIN_C_SOURCE -D_REENTRANT -D_THREAD_SAFE   conftest.c -lpthread  >&5
configure:18281: $? = 0
configure:18466: result: using kqueue
configure:18475: checking for ANSI C header files
configure:18579: result: yes
configure:18591: checking errno.h usability
configure:18591: gcc -c -g -O2 -Wno-uninitialized -D_DARWIN_C_SOURCE -D_REENTRANT -D_THREAD_SAFE  -DZMQ_FORCE_KQUEUE conftest.c >&5
configure:18591: $? = 0
configure:18591: result: yes
configure:18591: checking errno.h presence
configure:18591: gcc -E -Wno-uninitialized -D_DARWIN_C_SOURCE -D_REENTRANT -D_THREAD_SAFE  -DZMQ_FORCE_KQUEUE conftest.c
configure:18591: $? = 0
configure:18591: result: yes
configure:18591: checking for errno.h
configure:18591: result: yes
configure:18591: checking arpa/inet.h usability
configure:18591: gcc -c -g -O2 -Wno-uninitialized -D_DARWIN_C_SOURCE -D_REENTRANT -D_THREAD_SAFE  -DZMQ_FORCE_KQUEUE conftest.c >&5
configure:18591: $? = 0
configure:18591: result: yes
configure:18591: checking arpa/inet.h presence
configure:18591: gcc -E -Wno-uninitialized -D_DARWIN_C_SOURCE -D_REENTRANT -D_THREAD_SAFE  -DZMQ_FORCE_KQUEUE conftest.c
configure:18591: $? = 0
configure:18591: result: yes
configure:18591: checking for arpa/inet.h
configure:18591: result: yes
configure:18591: checking netinet/tcp.h usability
configure:18591: gcc -c -g -O2 -Wno-uninitialized -D_DARWIN_C_SOURCE -D_REENTRANT -D_THREAD_SAFE  -DZMQ_FORCE_KQUEUE conftest.c >&5
configure:18591: $? = 0
configure:18591: result: yes
configure:18591: checking netinet/tcp.h presence
configure:18591: gcc -E -Wno-uninitialized -D_DARWIN_C_SOURCE -D_REENTRANT -D_THREAD_SAFE  -DZMQ_FORCE_KQUEUE conftest.c
configure:18591: $? = 0
configure:18591: result: yes
configure:18591: checking for netinet/tcp.h
configure:18591: result: yes
configure:18591: checking netinet/in.h usability
configure:18591: gcc -c -g -O2 -Wno-uninitialized -D_DARWIN_C_SOURCE -D_REENTRANT -D_THREAD_SAFE  -DZMQ_FORCE_KQUEUE conftest.c >&5
configure:18591: $? = 0
configure:18591: result: yes
configure:18591: checking netinet/in.h presence
configure:18591: gcc -E -Wno-uninitialized -D_DARWIN_C_SOURCE -D_REENTRANT -D_THREAD_SAFE  -DZMQ_FORCE_KQUEUE conftest.c
configure:18591: $? = 0
configure:18591: result: yes
configure:18591: checking for netinet/in.h
configure:18591: result: yes
configure:18591: checking stddef.h usability
configure:18591: gcc -c -g -O2 -Wno-uninitialized -D_DARWIN_C_SOURCE -D_REENTRANT -D_THREAD_SAFE  -DZMQ_FORCE_KQUEUE conftest.c >&5
configure:18591: $? = 0
configure:18591: result: yes
configure:18591: checking stddef.h presence
configure:18591: gcc -E -Wno-uninitialized -D_DARWIN_C_SOURCE -D_REENTRANT -D_THREAD_SAFE  -DZMQ_FORCE_KQUEUE conftest.c
configure:18591: $? = 0
configure:18591: result: yes
configure:18591: checking for stddef.h
configure:18591: result: yes
configure:18591: checking for stdlib.h
configure:18591: result: yes
configure:18591: checking for string.h
configure:18591: result: yes
configure:18591: checking sys/socket.h usability
configure:18591: gcc -c -g -O2 -Wno-uninitialized -D_DARWIN_C_SOURCE -D_REENTRANT -D_THREAD_SAFE  -DZMQ_FORCE_KQUEUE conftest.c >&5
configure:18591: $? = 0
configure:18591: result: yes
configure:18591: checking sys/socket.h presence
configure:18591: gcc -E -Wno-uninitialized -D_DARWIN_C_SOURCE -D_REENTRANT -D_THREAD_SAFE  -DZMQ_FORCE_KQUEUE conftest.c
configure:18591: $? = 0
configure:18591: result: yes
configure:18591: checking for sys/socket.h
configure:18591: result: yes
configure:18591: checking sys/time.h usability
configure:18591: gcc -c -g -O2 -Wno-uninitialized -D_DARWIN_C_SOURCE -D_REENTRANT -D_THREAD_SAFE  -DZMQ_FORCE_KQUEUE conftest.c >&5
configure:18591: $? = 0
configure:18591: result: yes
configure:18591: checking sys/time.h presence
configure:18591: gcc -E -Wno-uninitialized -D_DARWIN_C_SOURCE -D_REENTRANT -D_THREAD_SAFE  -DZMQ_FORCE_KQUEUE conftest.c
configure:18591: $? = 0
configure:18591: result: yes
configure:18591: checking for sys/time.h
configure:18591: result: yes
configure:18591: checking time.h usability
configure:18591: gcc -c -g -O2 -Wno-uninitialized -D_DARWIN_C_SOURCE -D_REENTRANT -D_THREAD_SAFE  -DZMQ_FORCE_KQUEUE conftest.c >&5
configure:18591: $? = 0
configure:18591: result: yes
configure:18591: checking time.h presence
configure:18591: gcc -E -Wno-uninitialized -D_DARWIN_C_SOURCE -D_REENTRANT -D_THREAD_SAFE  -DZMQ_FORCE_KQUEUE conftest.c
configure:18591: $? = 0
configure:18591: result: yes
configure:18591: checking for time.h
configure:18591: result: yes
configure:18591: checking for unistd.h
configure:18591: result: yes
configure:18591: checking limits.h usability
configure:18591: gcc -c -g -O2 -Wno-uninitialized -D_DARWIN_C_SOURCE -D_REENTRANT -D_THREAD_SAFE  -DZMQ_FORCE_KQUEUE conftest.c >&5
configure:18591: $? = 0
configure:18591: result: yes
configure:18591: checking limits.h presence
configure:18591: gcc -E -Wno-uninitialized -D_DARWIN_C_SOURCE -D_REENTRANT -D_THREAD_SAFE  -DZMQ_FORCE_KQUEUE conftest.c
configure:18591: $? = 0
configure:18591: result: yes
configure:18591: checking for limits.h
configure:18591: result: yes
configure:18605: checking ifaddrs.h usability
configure:18605: gcc -c -g -O2 -Wno-uninitialized -D_DARWIN_C_SOURCE -D_REENTRANT -D_THREAD_SAFE  -DZMQ_FORCE_KQUEUE conftest.c >&5
configure:18605: $? = 0
configure:18605: result: yes
configure:18605: checking ifaddrs.h presence
configure:18605: gcc -E -Wno-uninitialized -D_DARWIN_C_SOURCE -D_REENTRANT -D_THREAD_SAFE  -DZMQ_FORCE_KQUEUE conftest.c
configure:18605: $? = 0
configure:18605: result: yes
configure:18605: checking for ifaddrs.h
configure:18605: result: yes
configure:18621: checking sys/uio.h usability
configure:18621: gcc -c -g -O2 -Wno-uninitialized -D_DARWIN_C_SOURCE -D_REENTRANT -D_THREAD_SAFE  -DZMQ_FORCE_KQUEUE conftest.c >&5
configure:18621: $? = 0
configure:18621: result: yes
configure:18621: checking sys/uio.h presence
configure:18621: gcc -E -Wno-uninitialized -D_DARWIN_C_SOURCE -D_REENTRANT -D_THREAD_SAFE  -DZMQ_FORCE_KQUEUE conftest.c
configure:18621: $? = 0
configure:18621: result: yes
configure:18621: checking for sys/uio.h
configure:18621: result: yes
configure:18647: checking sys/eventfd.h usability
configure:18647: gcc -c -g -O2 -Wno-uninitialized -D_DARWIN_C_SOURCE -D_REENTRANT -D_THREAD_SAFE  -DZMQ_FORCE_KQUEUE conftest.c >&5
conftest.c:75:10: fatal error: 'sys/eventfd.h' file not found
#include <sys/eventfd.h>
         ^
1 error generated.
configure:18647: $? = 1
configure: failed program was:
| /* confdefs.h */
| #define PACKAGE_NAME "zeromq"
| #define PACKAGE_TARNAME "zeromq"
| #define PACKAGE_VERSION "4.0.4"
| #define PACKAGE_STRING "zeromq 4.0.4"
| #define PACKAGE_BUGREPORT "zeromq-dev@lists.zeromq.org"
| #define PACKAGE_URL ""
| #define PACKAGE "zeromq"
| #define VERSION "4.0.4"
| #define STDC_HEADERS 1
| #define HAVE_SYS_TYPES_H 1
| #define HAVE_SYS_STAT_H 1
| #define HAVE_STDLIB_H 1
| #define HAVE_STRING_H 1
| #define HAVE_MEMORY_H 1
| #define HAVE_STRINGS_H 1
| #define HAVE_INTTYPES_H 1
| #define HAVE_STDINT_H 1
| #define HAVE_UNISTD_H 1
| #define HAVE_DLFCN_H 1
| #define LT_OBJDIR ".libs/"
| #define ZMQ_HAVE_OSX 1
| #define HAVE_LIBPTHREAD 1
| #define STDC_HEADERS 1
| #define HAVE_ERRNO_H 1
| #define HAVE_ARPA_INET_H 1
| #define HAVE_NETINET_TCP_H 1
| #define HAVE_NETINET_IN_H 1
| #define HAVE_STDDEF_H 1
| #define HAVE_STDLIB_H 1
| #define HAVE_STRING_H 1
| #define HAVE_SYS_SOCKET_H 1
| #define HAVE_SYS_TIME_H 1
| #define HAVE_TIME_H 1
| #define HAVE_UNISTD_H 1
| #define HAVE_LIMITS_H 1
| #define HAVE_IFADDRS_H 1
| #define ZMQ_HAVE_IFADDRS 1
| #define HAVE_SYS_UIO_H 1
| #define ZMQ_HAVE_UIO 1
| /* end confdefs.h.  */
| #include <stdio.h>
| #ifdef HAVE_SYS_TYPES_H
| # include <sys/types.h>
| #endif
| #ifdef HAVE_SYS_STAT_H
| # include <sys/stat.h>
| #endif
| #ifdef STDC_HEADERS
| # include <stdlib.h>
| # include <stddef.h>
| #else
| # ifdef HAVE_STDLIB_H
| #  include <stdlib.h>
| # endif
| #endif
| #ifdef HAVE_STRING_H
| # if !defined STDC_HEADERS && defined HAVE_MEMORY_H
| #  include <memory.h>
| # endif
| # include <string.h>
| #endif
| #ifdef HAVE_STRINGS_H
| # include <strings.h>
| #endif
| #ifdef HAVE_INTTYPES_H
| # include <inttypes.h>
| #endif
| #ifdef HAVE_STDINT_H
| # include <stdint.h>
| #endif
| #ifdef HAVE_UNISTD_H
| # include <unistd.h>
| #endif
| #include <sys/eventfd.h>
configure:18647: result: no
configure:18647: checking sys/eventfd.h presence
configure:18647: gcc -E -Wno-uninitialized -D_DARWIN_C_SOURCE -D_REENTRANT -D_THREAD_SAFE  -DZMQ_FORCE_KQUEUE conftest.c
conftest.c:42:10: fatal error: 'sys/eventfd.h' file not found
#include <sys/eventfd.h>
         ^
1 error generated.
configure:18647: $? = 1
configure: failed program was:
| /* confdefs.h */
| #define PACKAGE_NAME "zeromq"
| #define PACKAGE_TARNAME "zeromq"
| #define PACKAGE_VERSION "4.0.4"
| #define PACKAGE_STRING "zeromq 4.0.4"
| #define PACKAGE_BUGREPORT "zeromq-dev@lists.zeromq.org"
| #define PACKAGE_URL ""
| #define PACKAGE "zeromq"
| #define VERSION "4.0.4"
| #define STDC_HEADERS 1
| #define HAVE_SYS_TYPES_H 1
| #define HAVE_SYS_STAT_H 1
| #define HAVE_STDLIB_H 1
| #define HAVE_STRING_H 1
| #define HAVE_MEMORY_H 1
| #define HAVE_STRINGS_H 1
| #define HAVE_INTTYPES_H 1
| #define HAVE_STDINT_H 1
| #define HAVE_UNISTD_H 1
| #define HAVE_DLFCN_H 1
| #define LT_OBJDIR ".libs/"
| #define ZMQ_HAVE_OSX 1
| #define HAVE_LIBPTHREAD 1
| #define STDC_HEADERS 1
| #define HAVE_ERRNO_H 1
| #define HAVE_ARPA_INET_H 1
| #define HAVE_NETINET_TCP_H 1
| #define HAVE_NETINET_IN_H 1
| #define HAVE_STDDEF_H 1
| #define HAVE_STDLIB_H 1
| #define HAVE_STRING_H 1
| #define HAVE_SYS_SOCKET_H 1
| #define HAVE_SYS_TIME_H 1
| #define HAVE_TIME_H 1
| #define HAVE_UNISTD_H 1
| #define HAVE_LIMITS_H 1
| #define HAVE_IFADDRS_H 1
| #define ZMQ_HAVE_IFADDRS 1
| #define HAVE_SYS_UIO_H 1
| #define ZMQ_HAVE_UIO 1
| /* end confdefs.h.  */
| #include <sys/eventfd.h>
configure:18647: result: no
configure:18647: checking for sys/eventfd.h
configure:18647: result: no
configure:18669: checking for stdbool.h that conforms to C99
configure:18736: g++ -c -g -O2 -Wno-uninitialized -D_DARWIN_C_SOURCE -D_REENTRANT -D_THREAD_SAFE  -DZMQ_FORCE_KQUEUE conftest.cpp >&5
configure:18736: $? = 0
configure:18743: result: yes
configure:18745: checking for _Bool
configure:18745: g++ -c -g -O2 -Wno-uninitialized -D_DARWIN_C_SOURCE -D_REENTRANT -D_THREAD_SAFE  -DZMQ_FORCE_KQUEUE conftest.cpp >&5
conftest.cpp:78:13: error: use of undeclared identifier '_Bool'
if (sizeof (_Bool))
            ^
1 error generated.
configure:18745: $? = 1
configure: failed program was:
| /* confdefs.h */
| #define PACKAGE_NAME "zeromq"
| #define PACKAGE_TARNAME "zeromq"
| #define PACKAGE_VERSION "4.0.4"
| #define PACKAGE_STRING "zeromq 4.0.4"
| #define PACKAGE_BUGREPORT "zeromq-dev@lists.zeromq.org"
| #define PACKAGE_URL ""
| #define PACKAGE "zeromq"
| #define VERSION "4.0.4"
| #define STDC_HEADERS 1
| #define HAVE_SYS_TYPES_H 1
| #define HAVE_SYS_STAT_H 1
| #define HAVE_STDLIB_H 1
| #define HAVE_STRING_H 1
| #define HAVE_MEMORY_H 1
| #define HAVE_STRINGS_H 1
| #define HAVE_INTTYPES_H 1
| #define HAVE_STDINT_H 1
| #define HAVE_UNISTD_H 1
| #define HAVE_DLFCN_H 1
| #define LT_OBJDIR ".libs/"
| #define ZMQ_HAVE_OSX 1
| #define HAVE_LIBPTHREAD 1
| #define STDC_HEADERS 1
| #define HAVE_ERRNO_H 1
| #define HAVE_ARPA_INET_H 1
| #define HAVE_NETINET_TCP_H 1
| #define HAVE_NETINET_IN_H 1
| #define HAVE_STDDEF_H 1
| #define HAVE_STDLIB_H 1
| #define HAVE_STRING_H 1
| #define HAVE_SYS_SOCKET_H 1
| #define HAVE_SYS_TIME_H 1
| #define HAVE_TIME_H 1
| #define HAVE_UNISTD_H 1
| #define HAVE_LIMITS_H 1
| #define HAVE_IFADDRS_H 1
| #define ZMQ_HAVE_IFADDRS 1
| #define HAVE_SYS_UIO_H 1
| #define ZMQ_HAVE_UIO 1
| /* end confdefs.h.  */
| #include <stdio.h>
| #ifdef HAVE_SYS_TYPES_H
| # include <sys/types.h>
| #endif
| #ifdef HAVE_SYS_STAT_H
| # include <sys/stat.h>
| #endif
| #ifdef STDC_HEADERS
| # include <stdlib.h>
| # include <stddef.h>
| #else
| # ifdef HAVE_STDLIB_H
| #  include <stdlib.h>
| # endif
| #endif
| #ifdef HAVE_STRING_H
| # if !defined STDC_HEADERS && defined HAVE_MEMORY_H
| #  include <memory.h>
| # endif
| # include <string.h>
| #endif
| #ifdef HAVE_STRINGS_H
| # include <strings.h>
| #endif
| #ifdef HAVE_INTTYPES_H
| # include <inttypes.h>
| #endif
| #ifdef HAVE_STDINT_H
| # include <stdint.h>
| #endif
| #ifdef HAVE_UNISTD_H
| # include <unistd.h>
| #endif
| int
| main ()
| {
| if (sizeof (_Bool))
| 	 return 0;
|   ;
|   return 0;
| }
configure:18745: result: no
configure:18762: checking for an ANSI C-conforming const
configure:18828: g++ -c -g -O2 -Wno-uninitialized -D_DARWIN_C_SOURCE -D_REENTRANT -D_THREAD_SAFE  -DZMQ_FORCE_KQUEUE conftest.cpp >&5
configure:18828: $? = 0
configure:18835: result: yes
configure:18843: checking for inline
configure:18859: g++ -c -g -O2 -Wno-uninitialized -D_DARWIN_C_SOURCE -D_REENTRANT -D_THREAD_SAFE  -DZMQ_FORCE_KQUEUE conftest.cpp >&5
configure:18859: $? = 0
configure:18867: result: inline
configure:18934: checking for size_t
configure:18934: g++ -c -g -O2 -Wno-uninitialized -D_DARWIN_C_SOURCE -D_REENTRANT -D_THREAD_SAFE  -DZMQ_FORCE_KQUEUE conftest.cpp >&5
configure:18934: $? = 0
configure:18934: g++ -c -g -O2 -Wno-uninitialized -D_DARWIN_C_SOURCE -D_REENTRANT -D_THREAD_SAFE  -DZMQ_FORCE_KQUEUE conftest.cpp >&5
conftest.cpp:79:21: error: expected expression
if (sizeof ((size_t)))
                    ^
1 error generated.
configure:18934: $? = 1
configure: failed program was:
| /* confdefs.h */
| #define PACKAGE_NAME "zeromq"
| #define PACKAGE_TARNAME "zeromq"
| #define PACKAGE_VERSION "4.0.4"
| #define PACKAGE_STRING "zeromq 4.0.4"
| #define PACKAGE_BUGREPORT "zeromq-dev@lists.zeromq.org"
| #define PACKAGE_URL ""
| #define PACKAGE "zeromq"
| #define VERSION "4.0.4"
| #define STDC_HEADERS 1
| #define HAVE_SYS_TYPES_H 1
| #define HAVE_SYS_STAT_H 1
| #define HAVE_STDLIB_H 1
| #define HAVE_STRING_H 1
| #define HAVE_MEMORY_H 1
| #define HAVE_STRINGS_H 1
| #define HAVE_INTTYPES_H 1
| #define HAVE_STDINT_H 1
| #define HAVE_UNISTD_H 1
| #define HAVE_DLFCN_H 1
| #define LT_OBJDIR ".libs/"
| #define ZMQ_HAVE_OSX 1
| #define HAVE_LIBPTHREAD 1
| #define STDC_HEADERS 1
| #define HAVE_ERRNO_H 1
| #define HAVE_ARPA_INET_H 1
| #define HAVE_NETINET_TCP_H 1
| #define HAVE_NETINET_IN_H 1
| #define HAVE_STDDEF_H 1
| #define HAVE_STDLIB_H 1
| #define HAVE_STRING_H 1
| #define HAVE_SYS_SOCKET_H 1
| #define HAVE_SYS_TIME_H 1
| #define HAVE_TIME_H 1
| #define HAVE_UNISTD_H 1
| #define HAVE_LIMITS_H 1
| #define HAVE_IFADDRS_H 1
| #define ZMQ_HAVE_IFADDRS 1
| #define HAVE_SYS_UIO_H 1
| #define ZMQ_HAVE_UIO 1
| #define HAVE_STDBOOL_H 1
| /* end confdefs.h.  */
| #include <stdio.h>
| #ifdef HAVE_SYS_TYPES_H
| # include <sys/types.h>
| #endif
| #ifdef HAVE_SYS_STAT_H
| # include <sys/stat.h>
| #endif
| #ifdef STDC_HEADERS
| # include <stdlib.h>
| # include <stddef.h>
| #else
| # ifdef HAVE_STDLIB_H
| #  include <stdlib.h>
| # endif
| #endif
| #ifdef HAVE_STRING_H
| # if !defined STDC_HEADERS && defined HAVE_MEMORY_H
| #  include <memory.h>
| # endif
| # include <string.h>
| #endif
| #ifdef HAVE_STRINGS_H
| # include <strings.h>
| #endif
| #ifdef HAVE_INTTYPES_H
| # include <inttypes.h>
| #endif
| #ifdef HAVE_STDINT_H
| # include <stdint.h>
| #endif
| #ifdef HAVE_UNISTD_H
| # include <unistd.h>
| #endif
| int
| main ()
| {
| if (sizeof ((size_t)))
| 	    return 0;
|   ;
|   return 0;
| }
configure:18934: result: yes
configure:18945: checking for ssize_t
configure:18945: g++ -c -g -O2 -Wno-uninitialized -D_DARWIN_C_SOURCE -D_REENTRANT -D_THREAD_SAFE  -DZMQ_FORCE_KQUEUE conftest.cpp >&5
configure:18945: $? = 0
configure:18945: g++ -c -g -O2 -Wno-uninitialized -D_DARWIN_C_SOURCE -D_REENTRANT -D_THREAD_SAFE  -DZMQ_FORCE_KQUEUE conftest.cpp >&5
conftest.cpp:79:22: error: expected expression
if (sizeof ((ssize_t)))
                     ^
1 error generated.
configure:18945: $? = 1
configure: failed program was:
| /* confdefs.h */
| #define PACKAGE_NAME "zeromq"
| #define PACKAGE_TARNAME "zeromq"
| #define PACKAGE_VERSION "4.0.4"
| #define PACKAGE_STRING "zeromq 4.0.4"
| #define PACKAGE_BUGREPORT "zeromq-dev@lists.zeromq.org"
| #define PACKAGE_URL ""
| #define PACKAGE "zeromq"
| #define VERSION "4.0.4"
| #define STDC_HEADERS 1
| #define HAVE_SYS_TYPES_H 1
| #define HAVE_SYS_STAT_H 1
| #define HAVE_STDLIB_H 1
| #define HAVE_STRING_H 1
| #define HAVE_MEMORY_H 1
| #define HAVE_STRINGS_H 1
| #define HAVE_INTTYPES_H 1
| #define HAVE_STDINT_H 1
| #define HAVE_UNISTD_H 1
| #define HAVE_DLFCN_H 1
| #define LT_OBJDIR ".libs/"
| #define ZMQ_HAVE_OSX 1
| #define HAVE_LIBPTHREAD 1
| #define STDC_HEADERS 1
| #define HAVE_ERRNO_H 1
| #define HAVE_ARPA_INET_H 1
| #define HAVE_NETINET_TCP_H 1
| #define HAVE_NETINET_IN_H 1
| #define HAVE_STDDEF_H 1
| #define HAVE_STDLIB_H 1
| #define HAVE_STRING_H 1
| #define HAVE_SYS_SOCKET_H 1
| #define HAVE_SYS_TIME_H 1
| #define HAVE_TIME_H 1
| #define HAVE_UNISTD_H 1
| #define HAVE_LIMITS_H 1
| #define HAVE_IFADDRS_H 1
| #define ZMQ_HAVE_IFADDRS 1
| #define HAVE_SYS_UIO_H 1
| #define ZMQ_HAVE_UIO 1
| #define HAVE_STDBOOL_H 1
| /* end confdefs.h.  */
| #include <stdio.h>
| #ifdef HAVE_SYS_TYPES_H
| # include <sys/types.h>
| #endif
| #ifdef HAVE_SYS_STAT_H
| # include <sys/stat.h>
| #endif
| #ifdef STDC_HEADERS
| # include <stdlib.h>
| # include <stddef.h>
| #else
| # ifdef HAVE_STDLIB_H
| #  include <stdlib.h>
| # endif
| #endif
| #ifdef HAVE_STRING_H
| # if !defined STDC_HEADERS && defined HAVE_MEMORY_H
| #  include <memory.h>
| # endif
| # include <string.h>
| #endif
| #ifdef HAVE_STRINGS_H
| # include <strings.h>
| #endif
| #ifdef HAVE_INTTYPES_H
| # include <inttypes.h>
| #endif
| #ifdef HAVE_STDINT_H
| # include <stdint.h>
| #endif
| #ifdef HAVE_UNISTD_H
| # include <unistd.h>
| #endif
| int
| main ()
| {
| if (sizeof ((ssize_t)))
| 	    return 0;
|   ;
|   return 0;
| }
configure:18945: result: yes
configure:18957: checking whether time.h and sys/time.h may both be included
configure:18977: g++ -c -g -O2 -Wno-uninitialized -D_DARWIN_C_SOURCE -D_REENTRANT -D_THREAD_SAFE  -DZMQ_FORCE_KQUEUE conftest.cpp >&5
configure:18977: $? = 0
configure:18984: result: yes
configure:18992: checking for uint32_t
configure:18992: g++ -c -g -O2 -Wno-uninitialized -D_DARWIN_C_SOURCE -D_REENTRANT -D_THREAD_SAFE  -DZMQ_FORCE_KQUEUE conftest.cpp >&5
configure:18992: $? = 0
configure:18992: result: yes
configure:19006: checking for working volatile
configure:19025: g++ -c -g -O2 -Wno-uninitialized -D_DARWIN_C_SOURCE -D_REENTRANT -D_THREAD_SAFE  -DZMQ_FORCE_KQUEUE conftest.cpp >&5
configure:19025: $? = 0
configure:19032: result: yes
configure:19703: checking how to enable additional warnings for C++ compiler
configure:19738: result: -Wall
configure:19880: checking return type of signal handlers
configure:19898: g++ -c -g -O2 -Wall -Wno-uninitialized -D_DARWIN_C_SOURCE -D_REENTRANT -D_THREAD_SAFE  -DZMQ_FORCE_KQUEUE conftest.cpp >&5
conftest.cpp:50:8: error: indirection requires pointer operand ('void' invalid)
return *(signal (0, 0)) (0) == 1;
       ^~~~~~~~~~~~~~~~~~~~
1 error generated.
configure:19898: $? = 1
configure: failed program was:
| /* confdefs.h */
| #define PACKAGE_NAME "zeromq"
| #define PACKAGE_TARNAME "zeromq"
| #define PACKAGE_VERSION "4.0.4"
| #define PACKAGE_STRING "zeromq 4.0.4"
| #define PACKAGE_BUGREPORT "zeromq-dev@lists.zeromq.org"
| #define PACKAGE_URL ""
| #define PACKAGE "zeromq"
| #define VERSION "4.0.4"
| #define STDC_HEADERS 1
| #define HAVE_SYS_TYPES_H 1
| #define HAVE_SYS_STAT_H 1
| #define HAVE_STDLIB_H 1
| #define HAVE_STRING_H 1
| #define HAVE_MEMORY_H 1
| #define HAVE_STRINGS_H 1
| #define HAVE_INTTYPES_H 1
| #define HAVE_STDINT_H 1
| #define HAVE_UNISTD_H 1
| #define HAVE_DLFCN_H 1
| #define LT_OBJDIR ".libs/"
| #define ZMQ_HAVE_OSX 1
| #define HAVE_LIBPTHREAD 1
| #define STDC_HEADERS 1
| #define HAVE_ERRNO_H 1
| #define HAVE_ARPA_INET_H 1
| #define HAVE_NETINET_TCP_H 1
| #define HAVE_NETINET_IN_H 1
| #define HAVE_STDDEF_H 1
| #define HAVE_STDLIB_H 1
| #define HAVE_STRING_H 1
| #define HAVE_SYS_SOCKET_H 1
| #define HAVE_SYS_TIME_H 1
| #define HAVE_TIME_H 1
| #define HAVE_UNISTD_H 1
| #define HAVE_LIMITS_H 1
| #define HAVE_IFADDRS_H 1
| #define ZMQ_HAVE_IFADDRS 1
| #define HAVE_SYS_UIO_H 1
| #define ZMQ_HAVE_UIO 1
| #define HAVE_STDBOOL_H 1
| #define TIME_WITH_SYS_TIME 1
| /* end confdefs.h.  */
| #include <sys/types.h>
| #include <signal.h>
| 
| int
| main ()
| {
| return *(signal (0, 0)) (0) == 1;
|   ;
|   return 0;
| }
configure:19905: result: void
configure:19916: checking for perror
configure:19916: g++ -o conftest -g -O2 -Wall -Wno-uninitialized -D_DARWIN_C_SOURCE -D_REENTRANT -D_THREAD_SAFE  -DZMQ_FORCE_KQUEUE  conftest.cpp -lpthread  >&5
configure:19916: $? = 0
configure:19916: result: yes
configure:19916: checking for gettimeofday
configure:19916: g++ -o conftest -g -O2 -Wall -Wno-uninitialized -D_DARWIN_C_SOURCE -D_REENTRANT -D_THREAD_SAFE  -DZMQ_FORCE_KQUEUE  conftest.cpp -lpthread  >&5
configure:19916: $? = 0
configure:19916: result: yes
configure:19916: checking for clock_gettime
configure:19916: g++ -o conftest -g -O2 -Wall -Wno-uninitialized -D_DARWIN_C_SOURCE -D_REENTRANT -D_THREAD_SAFE  -DZMQ_FORCE_KQUEUE  conftest.cpp -lpthread  >&5
Undefined symbols for architecture x86_64:
  "_clock_gettime", referenced from:
      _main in conftest-eddfa8.o
ld: symbol(s) not found for architecture x86_64
clang: error: linker command failed with exit code 1 (use -v to see invocation)
configure:19916: $? = 1
configure: failed program was:
| /* confdefs.h */
| #define PACKAGE_NAME "zeromq"
| #define PACKAGE_TARNAME "zeromq"
| #define PACKAGE_VERSION "4.0.4"
| #define PACKAGE_STRING "zeromq 4.0.4"
| #define PACKAGE_BUGREPORT "zeromq-dev@lists.zeromq.org"
| #define PACKAGE_URL ""
| #define PACKAGE "zeromq"
| #define VERSION "4.0.4"
| #define STDC_HEADERS 1
| #define HAVE_SYS_TYPES_H 1
| #define HAVE_SYS_STAT_H 1
| #define HAVE_STDLIB_H 1
| #define HAVE_STRING_H 1
| #define HAVE_MEMORY_H 1
| #define HAVE_STRINGS_H 1
| #define HAVE_INTTYPES_H 1
| #define HAVE_STDINT_H 1
| #define HAVE_UNISTD_H 1
| #define HAVE_DLFCN_H 1
| #define LT_OBJDIR ".libs/"
| #define ZMQ_HAVE_OSX 1
| #define HAVE_LIBPTHREAD 1
| #define STDC_HEADERS 1
| #define HAVE_ERRNO_H 1
| #define HAVE_ARPA_INET_H 1
| #define HAVE_NETINET_TCP_H 1
| #define HAVE_NETINET_IN_H 1
| #define HAVE_STDDEF_H 1
| #define HAVE_STDLIB_H 1
| #define HAVE_STRING_H 1
| #define HAVE_SYS_SOCKET_H 1
| #define HAVE_SYS_TIME_H 1
| #define HAVE_TIME_H 1
| #define HAVE_UNISTD_H 1
| #define HAVE_LIMITS_H 1
| #define HAVE_IFADDRS_H 1
| #define ZMQ_HAVE_IFADDRS 1
| #define HAVE_SYS_UIO_H 1
| #define ZMQ_HAVE_UIO 1
| #define HAVE_STDBOOL_H 1
| #define TIME_WITH_SYS_TIME 1
| #define RETSIGTYPE void
| #define HAVE_PERROR 1
| #define HAVE_GETTIMEOFDAY 1
| /* end confdefs.h.  */
| /* Define clock_gettime to an innocuous variant, in case <limits.h> declares clock_gettime.
|    For example, HP-UX 11i <limits.h> declares gettimeofday.  */
| #define clock_gettime innocuous_clock_gettime
| 
| /* System header to define __stub macros and hopefully few prototypes,
|     which can conflict with char clock_gettime (); below.
|     Prefer <limits.h> to <assert.h> if __STDC__ is defined, since
|     <limits.h> exists even on freestanding compilers.  */
| 
| #ifdef __STDC__
| # include <limits.h>
| #else
| # include <assert.h>
| #endif
| 
| #undef clock_gettime
| 
| /* Override any GCC internal prototype to avoid an error.
|    Use char because int might match the return type of a GCC
|    builtin and then its argument prototype would still apply.  */
| #ifdef __cplusplus
| extern "C"
| #endif
| char clock_gettime ();
| /* The GNU C library defines this for functions which it implements
|     to always fail with ENOSYS.  Some functions are actually named
|     something starting with __ and the normal name is an alias.  */
| #if defined __stub_clock_gettime || defined __stub___clock_gettime
| choke me
| #endif
| 
| int
| main ()
| {
| return clock_gettime ();
|   ;
|   return 0;
| }
configure:19916: result: no
configure:19916: checking for memset
configure:19916: g++ -o conftest -g -O2 -Wall -Wno-uninitialized -D_DARWIN_C_SOURCE -D_REENTRANT -D_THREAD_SAFE  -DZMQ_FORCE_KQUEUE  conftest.cpp -lpthread  >&5
configure:19916: $? = 0
configure:19916: result: yes
configure:19916: checking for socket
configure:19916: g++ -o conftest -g -O2 -Wall -Wno-uninitialized -D_DARWIN_C_SOURCE -D_REENTRANT -D_THREAD_SAFE  -DZMQ_FORCE_KQUEUE  conftest.cpp -lpthread  >&5
configure:19916: $? = 0
configure:19916: result: yes
configure:19916: checking for getifaddrs
configure:19916: g++ -o conftest -g -O2 -Wall -Wno-uninitialized -D_DARWIN_C_SOURCE -D_REENTRANT -D_THREAD_SAFE  -DZMQ_FORCE_KQUEUE  conftest.cpp -lpthread  >&5
configure:19916: $? = 0
configure:19916: result: yes
configure:19916: checking for freeifaddrs
configure:19916: g++ -o conftest -g -O2 -Wall -Wno-uninitialized -D_DARWIN_C_SOURCE -D_REENTRANT -D_THREAD_SAFE  -DZMQ_FORCE_KQUEUE  conftest.cpp -lpthread  >&5
configure:19916: $? = 0
configure:19916: result: yes
configure:19916: checking for fork
configure:19916: g++ -o conftest -g -O2 -Wall -Wno-uninitialized -D_DARWIN_C_SOURCE -D_REENTRANT -D_THREAD_SAFE  -DZMQ_FORCE_KQUEUE  conftest.cpp -lpthread  >&5
configure:19916: $? = 0
configure:19916: result: yes
configure:19928: checking alloca.h usability
configure:19928: g++ -c -g -O2 -Wall -Wno-uninitialized -D_DARWIN_C_SOURCE -D_REENTRANT -D_THREAD_SAFE  -DZMQ_FORCE_KQUEUE conftest.cpp >&5
configure:19928: $? = 0
configure:19928: result: yes
configure:19928: checking alloca.h presence
configure:19928: g++ -E -Wall -Wno-uninitialized -D_DARWIN_C_SOURCE -D_REENTRANT -D_THREAD_SAFE  -DZMQ_FORCE_KQUEUE conftest.cpp
configure:19928: $? = 0
configure:19928: result: yes
configure:19928: checking for alloca.h
configure:19928: result: yes
configure:19939: checking whether SOCK_CLOEXEC is supported
configure:19959: g++ -o conftest -g -O2 -Wall -Wno-uninitialized -D_DARWIN_C_SOURCE -D_REENTRANT -D_THREAD_SAFE  -DZMQ_FORCE_KQUEUE  conftest.cpp -lpthread  >&5
conftest.cpp:59:44: error: use of undeclared identifier 'SOCK_CLOEXEC'
    int s = socket (PF_INET, SOCK_STREAM | SOCK_CLOEXEC, 0);
                                           ^
1 error generated.
configure:19959: $? = 1
configure: program exited with status 1
configure: failed program was:
| /* confdefs.h */
| #define PACKAGE_NAME "zeromq"
| #define PACKAGE_TARNAME "zeromq"
| #define PACKAGE_VERSION "4.0.4"
| #define PACKAGE_STRING "zeromq 4.0.4"
| #define PACKAGE_BUGREPORT "zeromq-dev@lists.zeromq.org"
| #define PACKAGE_URL ""
| #define PACKAGE "zeromq"
| #define VERSION "4.0.4"
| #define STDC_HEADERS 1
| #define HAVE_SYS_TYPES_H 1
| #define HAVE_SYS_STAT_H 1
| #define HAVE_STDLIB_H 1
| #define HAVE_STRING_H 1
| #define HAVE_MEMORY_H 1
| #define HAVE_STRINGS_H 1
| #define HAVE_INTTYPES_H 1
| #define HAVE_STDINT_H 1
| #define HAVE_UNISTD_H 1
| #define HAVE_DLFCN_H 1
| #define LT_OBJDIR ".libs/"
| #define ZMQ_HAVE_OSX 1
| #define HAVE_LIBPTHREAD 1
| #define STDC_HEADERS 1
| #define HAVE_ERRNO_H 1
| #define HAVE_ARPA_INET_H 1
| #define HAVE_NETINET_TCP_H 1
| #define HAVE_NETINET_IN_H 1
| #define HAVE_STDDEF_H 1
| #define HAVE_STDLIB_H 1
| #define HAVE_STRING_H 1
| #define HAVE_SYS_SOCKET_H 1
| #define HAVE_SYS_TIME_H 1
| #define HAVE_TIME_H 1
| #define HAVE_UNISTD_H 1
| #define HAVE_LIMITS_H 1
| #define HAVE_IFADDRS_H 1
| #define ZMQ_HAVE_IFADDRS 1
| #define HAVE_SYS_UIO_H 1
| #define ZMQ_HAVE_UIO 1
| #define HAVE_STDBOOL_H 1
| #define TIME_WITH_SYS_TIME 1
| #define RETSIGTYPE void
| #define HAVE_PERROR 1
| #define HAVE_GETTIMEOFDAY 1
| #define HAVE_MEMSET 1
| #define HAVE_SOCKET 1
| #define HAVE_GETIFADDRS 1
| #define HAVE_FREEIFADDRS 1
| #define HAVE_FORK 1
| #define HAVE_ALLOCA_H 1
| /* end confdefs.h.  */
| /* SOCK_CLOEXEC test */
| #include <sys/types.h>
| #include <sys/socket.h>
| 
| int main (int argc, char *argv [])
| {
|     int s = socket (PF_INET, SOCK_STREAM | SOCK_CLOEXEC, 0);
|     return (s == -1);
| }
| 
configure:19966: result: no
configure:19977: checking whether SO_KEEPALIVE is supported
configure:20000: g++ -o conftest -g -O2 -Wall -Wno-uninitialized -D_DARWIN_C_SOURCE -D_REENTRANT -D_THREAD_SAFE  -DZMQ_FORCE_KQUEUE  conftest.cpp -lpthread  >&5
configure:20000: $? = 0
configure:20000: ./conftest
configure:20000: $? = 0
configure:20001: result: yes
configure:20016: checking whether TCP_KEEPCNT is supported
configure:20042: g++ -o conftest -g -O2 -Wall -Wno-uninitialized -D_DARWIN_C_SOURCE -D_REENTRANT -D_THREAD_SAFE  -DZMQ_FORCE_KQUEUE  conftest.cpp -lpthread  >&5
configure:20042: $? = 0
configure:20042: ./conftest
configure:20042: $? = 0
configure:20043: result: yes
configure:20058: checking whether TCP_KEEPIDLE is supported
configure:20084: g++ -o conftest -g -O2 -Wall -Wno-uninitialized -D_DARWIN_C_SOURCE -D_REENTRANT -D_THREAD_SAFE  -DZMQ_FORCE_KQUEUE  conftest.cpp -lpthread  >&5
conftest.cpp:67:44: error: use of undeclared identifier 'TCP_KEEPIDLE'
        ((rc = setsockopt (s, IPPROTO_TCP, TCP_KEEPIDLE, (char*) &opt, sizeof (int))) == -1)
                                           ^
1 error generated.
configure:20084: $? = 1
configure: program exited with status 1
configure: failed program was:
| /* confdefs.h */
| #define PACKAGE_NAME "zeromq"
| #define PACKAGE_TARNAME "zeromq"
| #define PACKAGE_VERSION "4.0.4"
| #define PACKAGE_STRING "zeromq 4.0.4"
| #define PACKAGE_BUGREPORT "zeromq-dev@lists.zeromq.org"
| #define PACKAGE_URL ""
| #define PACKAGE "zeromq"
| #define VERSION "4.0.4"
| #define STDC_HEADERS 1
| #define HAVE_SYS_TYPES_H 1
| #define HAVE_SYS_STAT_H 1
| #define HAVE_STDLIB_H 1
| #define HAVE_STRING_H 1
| #define HAVE_MEMORY_H 1
| #define HAVE_STRINGS_H 1
| #define HAVE_INTTYPES_H 1
| #define HAVE_STDINT_H 1
| #define HAVE_UNISTD_H 1
| #define HAVE_DLFCN_H 1
| #define LT_OBJDIR ".libs/"
| #define ZMQ_HAVE_OSX 1
| #define HAVE_LIBPTHREAD 1
| #define STDC_HEADERS 1
| #define HAVE_ERRNO_H 1
| #define HAVE_ARPA_INET_H 1
| #define HAVE_NETINET_TCP_H 1
| #define HAVE_NETINET_IN_H 1
| #define HAVE_STDDEF_H 1
| #define HAVE_STDLIB_H 1
| #define HAVE_STRING_H 1
| #define HAVE_SYS_SOCKET_H 1
| #define HAVE_SYS_TIME_H 1
| #define HAVE_TIME_H 1
| #define HAVE_UNISTD_H 1
| #define HAVE_LIMITS_H 1
| #define HAVE_IFADDRS_H 1
| #define ZMQ_HAVE_IFADDRS 1
| #define HAVE_SYS_UIO_H 1
| #define ZMQ_HAVE_UIO 1
| #define HAVE_STDBOOL_H 1
| #define TIME_WITH_SYS_TIME 1
| #define RETSIGTYPE void
| #define HAVE_PERROR 1
| #define HAVE_GETTIMEOFDAY 1
| #define HAVE_MEMSET 1
| #define HAVE_SOCKET 1
| #define HAVE_GETIFADDRS 1
| #define HAVE_FREEIFADDRS 1
| #define HAVE_FORK 1
| #define HAVE_ALLOCA_H 1
| #define ZMQ_HAVE_SO_KEEPALIVE 1
| #define ZMQ_HAVE_TCP_KEEPCNT 1
| /* end confdefs.h.  */
| /* TCP_KEEPIDLE test */
| #include <sys/types.h>
| #include <sys/socket.h>
| #include <netinet/in.h>
| #include <netinet/tcp.h>
| 
| int main (int argc, char *argv [])
| {
|     int s, rc, opt = 1;
|     return (
|         ((s = socket (PF_INET, SOCK_STREAM, 0)) == -1) ||
|         ((rc = setsockopt (s, SOL_SOCKET, SO_KEEPALIVE, (char*) &opt, sizeof (int))) == -1) ||
|         ((rc = setsockopt (s, IPPROTO_TCP, TCP_KEEPIDLE, (char*) &opt, sizeof (int))) == -1)
|     );
| }
| 
configure:20091: result: no
configure:20100: checking whether TCP_KEEPINTVL is supported
configure:20126: g++ -o conftest -g -O2 -Wall -Wno-uninitialized -D_DARWIN_C_SOURCE -D_REENTRANT -D_THREAD_SAFE  -DZMQ_FORCE_KQUEUE  conftest.cpp -lpthread  >&5
configure:20126: $? = 0
configure:20126: ./conftest
configure:20126: $? = 0
configure:20127: result: yes
configure:20142: checking whether TCP_KEEPALIVE is supported
configure:20168: g++ -o conftest -g -O2 -Wall -Wno-uninitialized -D_DARWIN_C_SOURCE -D_REENTRANT -D_THREAD_SAFE  -DZMQ_FORCE_KQUEUE  conftest.cpp -lpthread  >&5
configure:20168: $? = 0
configure:20168: ./conftest
configure:20168: $? = 0
configure:20169: result: yes
configure:20349: creating ./config.status

## ---------------------- ##
## Running config.status. ##
## ---------------------- ##

This file was extended by zeromq config.status 4.0.4, which was
generated by GNU Autoconf 2.69.  Invocation command line was

  CONFIG_FILES    = 
  CONFIG_HEADERS  = 
  CONFIG_LINKS    = 
  CONFIG_COMMANDS = 
  $ ./config.status 

on Hemants-MacBook-Pro.local

config.status:1214: creating Makefile
config.status:1214: creating src/Makefile
config.status:1214: creating src/libzmq.pc
config.status:1214: creating doc/Makefile
config.status:1214: creating perf/Makefile
config.status:1214: creating tests/Makefile
config.status:1214: creating tools/Makefile
config.status:1214: creating builds/msvc/Makefile
config.status:1214: creating foreign/openpgm/Makefile
config.status:1214: creating builds/redhat/zeromq.spec
config.status:1214: creating src/platform.hpp
config.status:1443: executing depfiles commands
config.status:1443: executing libtool commands

## ---------------- ##
## Cache variables. ##
## ---------------- ##

ac_cv_build=x86_64-apple-darwin13.2.0
ac_cv_c_compiler_gnu=yes
ac_cv_c_const=yes
ac_cv_c_inline=inline
ac_cv_c_uint32_t=yes
ac_cv_c_volatile=yes
ac_cv_cxx_compiler_gnu=yes
ac_cv_env_ASCIIDOC_set=
ac_cv_env_ASCIIDOC_value=
ac_cv_env_CCC_set=
ac_cv_env_CCC_value=
ac_cv_env_CC_set=
ac_cv_env_CC_value=
ac_cv_env_CFLAGS_set=
ac_cv_env_CFLAGS_value=
ac_cv_env_CPPFLAGS_set=
ac_cv_env_CPPFLAGS_value=
ac_cv_env_CPP_set=
ac_cv_env_CPP_value=
ac_cv_env_CXXCPP_set=
ac_cv_env_CXXCPP_value=
ac_cv_env_CXXFLAGS_set=
ac_cv_env_CXXFLAGS_value=
ac_cv_env_CXX_set=
ac_cv_env_CXX_value=
ac_cv_env_LDFLAGS_set=
ac_cv_env_LDFLAGS_value=
ac_cv_env_LIBS_set=
ac_cv_env_LIBS_value=
ac_cv_env_OpenPGM_CFLAGS_set=
ac_cv_env_OpenPGM_CFLAGS_value=
ac_cv_env_OpenPGM_LIBS_set=
ac_cv_env_OpenPGM_LIBS_value=
ac_cv_env_PKG_CONFIG_LIBDIR_set=
ac_cv_env_PKG_CONFIG_LIBDIR_value=
ac_cv_env_PKG_CONFIG_PATH_set=
ac_cv_env_PKG_CONFIG_PATH_value=
ac_cv_env_PKG_CONFIG_set=
ac_cv_env_PKG_CONFIG_value=
ac_cv_env_XMLTO_set=
ac_cv_env_XMLTO_value=
ac_cv_env_build_alias_set=
ac_cv_env_build_alias_value=
ac_cv_env_host_alias_set=
ac_cv_env_host_alias_value=
ac_cv_env_target_alias_set=
ac_cv_env_target_alias_value=
ac_cv_func_clock_gettime=no
ac_cv_func_fork=yes
ac_cv_func_freeifaddrs=yes
ac_cv_func_getifaddrs=yes
ac_cv_func_gettimeofday=yes
ac_cv_func_memset=yes
ac_cv_func_perror=yes
ac_cv_func_socket=yes
ac_cv_header_alloca_h=yes
ac_cv_header_arpa_inet_h=yes
ac_cv_header_dlfcn_h=yes
ac_cv_header_errno_h=yes
ac_cv_header_ifaddrs_h=yes
ac_cv_header_inttypes_h=yes
ac_cv_header_limits_h=yes
ac_cv_header_memory_h=yes
ac_cv_header_netinet_in_h=yes
ac_cv_header_netinet_tcp_h=yes
ac_cv_header_stdbool_h=yes
ac_cv_header_stdc=yes
ac_cv_header_stddef_h=yes
ac_cv_header_stdint_h=yes
ac_cv_header_stdlib_h=yes
ac_cv_header_string_h=yes
ac_cv_header_strings_h=yes
ac_cv_header_sys_eventfd_h=no
ac_cv_header_sys_socket_h=yes
ac_cv_header_sys_stat_h=yes
ac_cv_header_sys_time_h=yes
ac_cv_header_sys_types_h=yes
ac_cv_header_sys_uio_h=yes
ac_cv_header_time=yes
ac_cv_header_time_h=yes
ac_cv_header_unistd_h=yes
ac_cv_host=x86_64-apple-darwin13.2.0
ac_cv_lib_pthread_pthread_create=yes
ac_cv_lib_rt_clock_gettime=no
ac_cv_lib_sodium_sodium_init=no
ac_cv_objext=o
ac_cv_path_ASCIIDOC=/usr/local/bin/asciidoc
ac_cv_path_EGREP='/usr/local/bin/ggrep -E'
ac_cv_path_FGREP='/usr/local/bin/ggrep -F'
ac_cv_path_GREP=/usr/local/bin/ggrep
ac_cv_path_SED=/usr/bin/sed
ac_cv_path_install='/usr/bin/install -c'
ac_cv_prog_AWK=awk
ac_cv_prog_CPP='gcc -E'
ac_cv_prog_CXXCPP='g++ -E'
ac_cv_prog_ac_ct_AR=ar
ac_cv_prog_ac_ct_CC=gcc
ac_cv_prog_ac_ct_CXX=g++
ac_cv_prog_ac_ct_DLLTOOL=dlltool
ac_cv_prog_ac_ct_DSYMUTIL=dsymutil
ac_cv_prog_ac_ct_LIPO=lipo
ac_cv_prog_ac_ct_NMEDIT=nmedit
ac_cv_prog_ac_ct_OBJDUMP=objdump
ac_cv_prog_ac_ct_OTOOL=otool
ac_cv_prog_ac_ct_RANLIB=ranlib
ac_cv_prog_ac_ct_STRIP=strip
ac_cv_prog_cc_c89=
ac_cv_prog_cc_c99=
ac_cv_prog_cc_g=yes
ac_cv_prog_cc_gcc_c_o=yes
ac_cv_prog_cxx_g=yes
ac_cv_prog_libzmq_have_asciidoc=yes
ac_cv_prog_libzmq_have_xmlto=no
ac_cv_prog_make_make_set=yes
ac_cv_type__Bool=no
ac_cv_type_signal=void
ac_cv_type_size_t=yes
ac_cv_type_ssize_t=yes
am_cv_CC_dependencies_compiler_type=gcc3
am_cv_CXX_dependencies_compiler_type=gcc3
am_cv_make_support_nested_variables=yes
am_cv_prog_tar_ustar=gnutar
libzmq_cv_c_clang_compiler=yes
libzmq_cv_c_compiler_works=yes
libzmq_cv_c_gcc4_compiler=yes
libzmq_cv_c_intel_compiler=no
libzmq_cv_c_sun_studio_compiler=no
libzmq_cv_check_lang_flag_save_CPPFLAGS='-Wno-uninitialized -D_DARWIN_C_SOURCE -D_REENTRANT -D_THREAD_SAFE '
libzmq_cv_cxx_clang_compiler=yes
libzmq_cv_cxx_compiler_works=yes
libzmq_cv_cxx_gcc4_compiler=yes
libzmq_cv_cxx_intel_compiler=no
libzmq_cv_cxx_sun_studio_compiler=no
libzmq_cv_cxx_supports_flag__Wno_uninitialized=yes
libzmq_cv_cxx_supports_flag__fvisibility_hidden=yes
libzmq_cv_cxx_visibility_flag=-fvisibility=hidden
libzmq_cv_cxx_wall_flag=-Wall
libzmq_cv_cxx_werror_flag_save=
libzmq_cv_have_poller_kqueue=yes
libzmq_cv_poller=kqueue
libzmq_cv_poller_flag=ZMQ_FORCE_KQUEUE
libzmq_cv_so_keepalive=yes
libzmq_cv_sock_cloexec=no
libzmq_cv_tcp_keepalive=yes
libzmq_cv_tcp_keepcnt=yes
libzmq_cv_tcp_keepidle=no
libzmq_cv_tcp_keepintvl=yes
lt_cv_apple_cc_single_mod=yes
lt_cv_ar_at_file=no
lt_cv_deplibs_check_method=pass_all
lt_cv_file_magic_cmd='$MAGIC_CMD'
lt_cv_file_magic_test_file=
lt_cv_ld_exported_symbols_list=yes
lt_cv_ld_force_load=yes
lt_cv_ld_reload_flag=-r
lt_cv_nm_interface='BSD nm'
lt_cv_objdir=.libs
lt_cv_path_LD=/Applications/Xcode.app/Contents/Developer/Toolchains/XcodeDefault.xctoolchain/usr/bin/ld
lt_cv_path_LDCXX=/Applications/Xcode.app/Contents/Developer/Toolchains/XcodeDefault.xctoolchain/usr/bin/ld
lt_cv_path_NM=/usr/bin/nm
lt_cv_path_mainfest_tool=no
lt_cv_prog_compiler_c_o=yes
lt_cv_prog_compiler_c_o_CXX=yes
lt_cv_prog_compiler_pic='-fno-common -DPIC'
lt_cv_prog_compiler_pic_CXX='-fno-common -DPIC'
lt_cv_prog_compiler_pic_works=yes
lt_cv_prog_compiler_pic_works_CXX=yes
lt_cv_prog_compiler_rtti_exceptions=yes
lt_cv_prog_compiler_static_works=no
lt_cv_prog_compiler_static_works_CXX=no
lt_cv_prog_gnu_ld=no
lt_cv_prog_gnu_ldcxx=no
lt_cv_sharedlib_from_linklib_cmd='printf %s\n'
lt_cv_sys_global_symbol_pipe='sed -n -e '\''s/^.*[	 ]\([BCDEGRST][BCDEGRST]*\)[	 ][	 ]*_\([_A-Za-z][_A-Za-z0-9]*\)$/\1 _\2 \2/p'\'' | sed '\''/ __gnu_lto/d'\'''
lt_cv_sys_global_symbol_to_c_name_address='sed -n -e '\''s/^: \([^ ]*\)[ ]*$/  {\"\1\", (void *) 0},/p'\'' -e '\''s/^[BCDEGRST]* \([^ ]*\) \([^ ]*\)$/  {"\2", (void *) \&\2},/p'\'''
lt_cv_sys_global_symbol_to_c_name_address_lib_prefix='sed -n -e '\''s/^: \([^ ]*\)[ ]*$/  {\"\1\", (void *) 0},/p'\'' -e '\''s/^[BCDEGRST]* \([^ ]*\) \(lib[^ ]*\)$/  {"\2", (void *) \&\2},/p'\'' -e '\''s/^[BCDEGRST]* \([^ ]*\) \([^ ]*\)$/  {"lib\2", (void *) \&\2},/p'\'''
lt_cv_sys_global_symbol_to_cdecl='sed -n -e '\''s/^T .* \(.*\)$/extern int \1();/p'\'' -e '\''s/^[BCDEGRST]* .* \(.*\)$/extern char \1;/p'\'''
lt_cv_sys_max_cmd_len=196608
lt_cv_to_host_file_cmd=func_convert_file_noop
lt_cv_to_tool_file_cmd=func_convert_file_noop

## ----------------- ##
## Output variables. ##
## ----------------- ##

ACLOCAL='${SHELL} /Users/gnufied/nomads/rbkit-client/zeromq-4.0.4/config/missing --run aclocal-1.11'
AMDEPBACKSLASH='\'
AMDEP_FALSE='#'
AMDEP_TRUE=''
AMTAR='$${TAR-tar}'
AM_BACKSLASH='\'
AM_DEFAULT_V='$(AM_DEFAULT_VERBOSITY)'
AM_DEFAULT_VERBOSITY='0'
AM_V='$(V)'
AR='ar'
AS='as'
ASCIIDOC='/usr/local/bin/asciidoc'
AUTOCONF='${SHELL} /Users/gnufied/nomads/rbkit-client/zeromq-4.0.4/config/missing --run autoconf'
AUTOHEADER='${SHELL} /Users/gnufied/nomads/rbkit-client/zeromq-4.0.4/config/missing --run autoheader'
AUTOMAKE='${SHELL} /Users/gnufied/nomads/rbkit-client/zeromq-4.0.4/config/missing --run automake-1.11'
AWK='awk'
BUILD_DOC_FALSE=''
BUILD_DOC_TRUE='#'
BUILD_PGM_FALSE=''
BUILD_PGM_TRUE='#'
CC='gcc'
CCDEPMODE='depmode=gcc3'
CFLAGS='-g -O2'
CPP='gcc -E'
CPPFLAGS='-Wall -Wno-uninitialized -D_DARWIN_C_SOURCE -D_REENTRANT -D_THREAD_SAFE  -DZMQ_FORCE_KQUEUE'
CXX='g++'
CXXCPP='g++ -E'
CXXDEPMODE='depmode=gcc3'
CXXFLAGS='-g -O2'
CYGPATH_W='echo'
DEFS='-DHAVE_CONFIG_H'
DEPDIR='.deps'
DLLTOOL='dlltool'
DSYMUTIL='dsymutil'
DUMPBIN=''
ECHO_C='\c'
ECHO_N=''
ECHO_T=''
EGREP='/usr/local/bin/ggrep -E'
EXEEXT=''
FGREP='/usr/local/bin/ggrep -F'
GREP='/usr/local/bin/ggrep'
INSTALL_DATA='${INSTALL} -m 644'
INSTALL_MAN_FALSE='#'
INSTALL_MAN_TRUE=''
INSTALL_PROGRAM='${INSTALL}'
INSTALL_SCRIPT='${INSTALL}'
INSTALL_STRIP_PROGRAM='$(install_sh) -c -s'
LD='/Applications/Xcode.app/Contents/Developer/Toolchains/XcodeDefault.xctoolchain/usr/bin/ld'
LDFLAGS=''
LIBOBJS=''
LIBS='-lpthread '
LIBTOOL='$(SHELL) $(top_builddir)/libtool'
LIBZMQ_EXTRA_CFLAGS=''
LIBZMQ_EXTRA_CXXFLAGS='-fvisibility=hidden '
LIBZMQ_EXTRA_LDFLAGS=''
LIPO='lipo'
LN_S='ln -s'
LTLIBOBJS=''
LTVER='4:0:1'
MAKEINFO='${SHELL} /Users/gnufied/nomads/rbkit-client/zeromq-4.0.4/config/missing --run makeinfo'
MANIFEST_TOOL=':'
MKDIR_P='config/install-sh -c -d'
NM='/usr/bin/nm'
NMEDIT='nmedit'
OBJDUMP='objdump'
OBJEXT='o'
ON_ANDROID_FALSE=''
ON_ANDROID_TRUE='#'
ON_LINUX_FALSE=''
ON_LINUX_TRUE='#'
ON_MINGW_FALSE=''
ON_MINGW_TRUE='#'
OTOOL64=':'
OTOOL='otool'
OpenPGM_CFLAGS=''
OpenPGM_LIBS=''
PACKAGE='zeromq'
PACKAGE_BUGREPORT='zeromq-dev@lists.zeromq.org'
PACKAGE_NAME='zeromq'
PACKAGE_STRING='zeromq 4.0.4'
PACKAGE_TARNAME='zeromq'
PACKAGE_URL=''
PACKAGE_VERSION='4.0.4'
PATH_SEPARATOR=':'
PKG_CONFIG=''
PKG_CONFIG_LIBDIR=''
PKG_CONFIG_PATH=''
RANLIB='ranlib'
SED='/usr/bin/sed'
SET_MAKE=''
SHELL='/bin/sh'
STRIP='strip'
VERSION='4.0.4'
XMLTO=''
ac_ct_AR='ar'
ac_ct_CC='gcc'
ac_ct_CXX='g++'
ac_ct_DUMPBIN=''
am__EXEEXT_FALSE=''
am__EXEEXT_TRUE='#'
am__fastdepCC_FALSE='#'
am__fastdepCC_TRUE=''
am__fastdepCXX_FALSE='#'
am__fastdepCXX_TRUE=''
am__include='include'
am__isrc=''
am__leading_dot='.'
am__nodep='_no'
am__quote=''
am__tar='tar --format=ustar -chf - "$$tardir"'
am__untar='tar -xf -'
bindir='${exec_prefix}/bin'
build='x86_64-apple-darwin13.2.0'
build_alias=''
build_cpu='x86_64'
build_os='darwin13.2.0'
build_vendor='apple'
datadir='${datarootdir}'
datarootdir='${prefix}/share'
docdir='${datarootdir}/doc/${PACKAGE_TARNAME}'
dvidir='${docdir}'
exec_prefix='${prefix}'
host='x86_64-apple-darwin13.2.0'
host_alias=''
host_cpu='x86_64'
host_os='darwin13.2.0'
host_vendor='apple'
htmldir='${docdir}'
includedir='${prefix}/include'
infodir='${datarootdir}/info'
install_sh='${SHELL} /Users/gnufied/nomads/rbkit-client/zeromq-4.0.4/config/install-sh'
libdir='${exec_prefix}/lib'
libexecdir='${exec_prefix}/libexec'
libzmq_have_asciidoc='yes'
libzmq_have_xmlto='no'
localedir='${datarootdir}/locale'
localstatedir='${prefix}/var'
mandir='${datarootdir}/man'
mkdir_p='$(top_builddir)/config/install-sh -c -d'
oldincludedir='/usr/include'
pdfdir='${docdir}'
pgm_basename='libpgm-5.2.122~dfsg'
pgm_srcdir=''
pgm_subdir=''
prefix='/Users/gnufied/nomads/rbkit-client/zeromq'
program_transform_name='s,x,x,'
psdir='${docdir}'
sbindir='${exec_prefix}/sbin'
sharedstatedir='${prefix}/com'
subdirs=''
sysconfdir='${prefix}/etc'
target_alias=''

## ----------- ##
## confdefs.h. ##
## ----------- ##

/* confdefs.h */
#define PACKAGE_NAME "zeromq"
#define PACKAGE_TARNAME "zeromq"
#define PACKAGE_VERSION "4.0.4"
#define PACKAGE_STRING "zeromq 4.0.4"
#define PACKAGE_BUGREPORT "zeromq-dev@lists.zeromq.org"
#define PACKAGE_URL ""
#define PACKAGE "zeromq"
#define VERSION "4.0.4"
#define STDC_HEADERS 1
#define HAVE_SYS_TYPES_H 1
#define HAVE_SYS_STAT_H 1
#define HAVE_STDLIB_H 1
#define HAVE_STRING_H 1
#define HAVE_MEMORY_H 1
#define HAVE_STRINGS_H 1
#define HAVE_INTTYPES_H 1
#define HAVE_STDINT_H 1
#define HAVE_UNISTD_H 1
#define HAVE_DLFCN_H 1
#define LT_OBJDIR ".libs/"
#define ZMQ_HAVE_OSX 1
#define HAVE_LIBPTHREAD 1
#define STDC_HEADERS 1
#define HAVE_ERRNO_H 1
#define HAVE_ARPA_INET_H 1
#define HAVE_NETINET_TCP_H 1
#define HAVE_NETINET_IN_H 1
#define HAVE_STDDEF_H 1
#define HAVE_STDLIB_H 1
#define HAVE_STRING_H 1
#define HAVE_SYS_SOCKET_H 1
#define HAVE_SYS_TIME_H 1
#define HAVE_TIME_H 1
#define HAVE_UNISTD_H 1
#define HAVE_LIMITS_H 1
#define HAVE_IFADDRS_H 1
#define ZMQ_HAVE_IFADDRS 1
#define HAVE_SYS_UIO_H 1
#define ZMQ_HAVE_UIO 1
#define HAVE_STDBOOL_H 1
#define TIME_WITH_SYS_TIME 1
#define RETSIGTYPE void
#define HAVE_PERROR 1
#define HAVE_GETTIMEOFDAY 1
#define HAVE_MEMSET 1
#define HAVE_SOCKET 1
#define HAVE_GETIFADDRS 1
#define HAVE_FREEIFADDRS 1
#define HAVE_FORK 1
#define HAVE_ALLOCA_H 1
#define ZMQ_HAVE_SO_KEEPALIVE 1
#define ZMQ_HAVE_TCP_KEEPCNT 1
#define ZMQ_HAVE_TCP_KEEPINTVL 1
#define ZMQ_HAVE_TCP_KEEPALIVE 1

configure: exit 0
